2025-07-03 21:46:11,817 INFO app: Redis distributed cache initialized
2025-07-03 21:46:11,820 INFO app: PyNucleus Flask API starting up (Instance: api-default)...
2025-07-03 21:46:11,820 INFO app: Redis distributed cache initialized
2025-07-03 21:46:11,820 INFO app: Redis distributed cache initialized
2025-07-03 21:46:11,822 INFO app: PyNucleus Flask API starting up (Instance: api-default)...
2025-07-03 21:46:11,822 INFO app: PyNucleus Flask API starting up (Instance: api-default)...
2025-07-03 21:46:11,822 INFO app: Cleaning up application resources...
2025-07-03 21:46:11,822 INFO app: Cleaning up application resources...
2025-07-03 21:46:11,822 INFO app: Resource cleanup completed
2025-07-03 21:46:11,822 INFO app: Resource cleanup completed
2025-07-03 21:46:11,822 INFO app: Cleaning up application resources...
2025-07-03 21:46:11,822 INFO app: Cleaning up application resources...
2025-07-03 21:46:11,822 INFO app: Resource cleanup completed
2025-07-03 21:46:11,822 INFO app: Resource cleanup completed
2025-07-03 21:46:25,860 INFO src.pynucleus.api.app: Redis distributed cache initialized
2025-07-03 21:46:25,863 INFO src.pynucleus.api.app: PyNucleus Flask API starting up (Instance: api-default)...
2025-07-03 21:46:25,863 INFO src.pynucleus.api.app: Redis distributed cache initialized
2025-07-03 21:46:25,863 INFO src.pynucleus.api.app: Redis distributed cache initialized
2025-07-03 21:46:25,867 INFO src.pynucleus.api.app: PyNucleus Flask API starting up (Instance: api-default)...
2025-07-03 21:46:25,867 INFO src.pynucleus.api.app: PyNucleus Flask API starting up (Instance: api-default)...
2025-07-03 21:47:46,159 INFO src.pynucleus.api.app: Redis distributed cache initialized
2025-07-03 21:47:46,161 INFO src.pynucleus.api.app: PyNucleus Flask API starting up (Instance: api-default)...
2025-07-03 21:47:46,162 INFO src.pynucleus.api.app: Redis distributed cache initialized
2025-07-03 21:47:46,162 INFO src.pynucleus.api.app: Redis distributed cache initialized
2025-07-03 21:47:46,165 INFO src.pynucleus.api.app: PyNucleus Flask API starting up (Instance: api-default)...
2025-07-03 21:47:46,165 INFO src.pynucleus.api.app: PyNucleus Flask API starting up (Instance: api-default)...
