2025-07-03 21:46:11,817 - pynucleus.deployment.cache_integration - WARNING - Redis unavailable, caching disabled: Error 61 connecting to localhost:6379. Connection refused.
2025-07-03 21:46:11,817 - app - INFO - Redis distributed cache initialized
2025-07-03 21:46:11,820 - app - INFO - PyNucleus Flask API starting up (Instance: api-default)...
2025-07-03 21:46:11,820 - app - INFO - Redis distributed cache initialized
2025-07-03 21:46:11,822 - app - INFO - PyNucleus Flask API starting up (Instance: api-default)...
2025-07-03 21:46:11,822 - app - INFO - Cleaning up application resources...
2025-07-03 21:46:11,822 - app - INFO - Resource cleanup completed
2025-07-03 21:46:11,822 - app - INFO - Cleaning up application resources...
2025-07-03 21:46:11,822 - app - INFO - Resource cleanup completed
2025-07-03 21:46:25,859 - pynucleus.deployment.cache_integration - WARNING - Redis unavailable, caching disabled: Error 61 connecting to localhost:6379. Connection refused.
2025-07-03 21:46:25,860 - src.pynucleus.api.app - INFO - Redis distributed cache initialized
2025-07-03 21:46:25,863 - src.pynucleus.api.app - INFO - PyNucleus Flask API starting up (Instance: api-default)...
2025-07-03 21:46:25,863 - src.pynucleus.api.app - INFO - Redis distributed cache initialized
2025-07-03 21:46:25,867 - src.pynucleus.api.app - INFO - PyNucleus Flask API starting up (Instance: api-default)...
2025-07-03 21:47:46,158 - pynucleus.deployment.cache_integration - WARNING - Redis unavailable, caching disabled: Error 61 connecting to localhost:6379. Connection refused.
2025-07-03 21:47:46,159 - src.pynucleus.api.app - INFO - Redis distributed cache initialized
2025-07-03 21:47:46,161 - src.pynucleus.api.app - INFO - PyNucleus Flask API starting up (Instance: api-default)...
2025-07-03 21:47:46,162 - src.pynucleus.api.app - INFO - Redis distributed cache initialized
2025-07-03 21:47:46,165 - src.pynucleus.api.app - INFO - PyNucleus Flask API starting up (Instance: api-default)...
2025-07-09 12:21:14,400 - src.pynucleus.api.app - INFO - Health check requested
2025-07-09 12:21:35,208 - src.pynucleus.api.app - INFO - Processing question: What is distillation?... (cache: True)
2025-07-09 12:21:39,885 - pynucleus - INFO - ModelLoader singleton initialized
2025-07-09 12:21:39,885 - src.pynucleus.api.app - ERROR - Failed to initialize RAG engine: [Errno 5] Input/output error
2025-07-09 12:21:49,397 - src.pynucleus.api.app - ERROR - System status endpoint error: cannot import name 'get_system_metrics' from 'pynucleus.metrics.system_statistics' (/Users/mohammadalmusaiteer/PyNucleus-Model/src/pynucleus/metrics/system_statistics.py)
2025-07-09 12:22:09,277 - src.pynucleus.api.app - ERROR - Comprehensive health check error: [Errno 5] Input/output error
2025-07-09 12:30:07,548 - src.pynucleus.api.app - INFO - Cleaning up application resources...
2025-07-09 12:30:07,551 - src.pynucleus.api.app - INFO - Resource cleanup completed
2025-07-09 12:30:07,551 - src.pynucleus.api.app - INFO - Cleaning up application resources...
2025-07-09 12:30:07,552 - src.pynucleus.api.app - INFO - Resource cleanup completed
