2025-06-24 16:28:05,074 INFO app: PyNucleus Flask API starting up...
2025-06-24 16:28:09,841 INFO app: Health check requested
2025-06-24 16:28:17,254 INFO app: RAG engine initialized successfully
2025-06-24 16:28:23,612 INFO app: Received signal 15, shutting down gracefully...
2025-06-24 16:28:23,885 INFO app: Cleaning up application resources...
2025-06-24 16:28:24,007 INFO app: Resource cleanup completed
2025-06-24 16:28:46,002 INFO app: PyNucleus Flask API starting up...
2025-06-24 16:29:00,520 INFO app: Health check requested
2025-06-24 16:29:04,829 INFO app: RAG engine initialized successfully
2025-06-24 16:29:11,288 INFO app: Received signal 15, shutting down gracefully...
2025-06-24 16:29:11,289 INFO app: Cleaning up application resources...
2025-06-24 16:29:11,440 INFO app: Cleaning up application resources...
2025-06-24 16:29:11,529 INFO app: Resource cleanup completed
2025-06-24 16:29:48,575 INFO app: PyNucleus Flask API starting up...
2025-06-24 16:29:48,576 INFO app: Cleaning up application resources...
2025-06-24 16:29:48,583 INFO app: Resource cleanup completed
2025-06-24 16:30:17,360 INFO app: PyNucleus Flask API starting up...
2025-06-24 16:30:22,732 INFO app: Health check requested
2025-06-24 16:30:27,039 INFO app: RAG engine initialized successfully
2025-06-24 16:31:01,142 INFO app: Received signal 15, shutting down gracefully...
2025-06-24 16:31:01,384 INFO app: Cleaning up application resources...
2025-06-24 16:31:01,491 INFO app: Resource cleanup completed
