2025-06-18 14:26:17,570 | INFO | UNIFIED PYNUCLEUS DIAGNOSTIC RUNNER
2025-06-18 14:26:17,571 | INFO | ======================================================================
2025-06-18 14:26:17,571 | INFO | Consolidated system diagnostics and validation
2025-06-18 14:26:17,571 | INFO | Running Quick Diagnostic
2025-06-18 14:26:17,571 | INFO | ============================================================
2025-06-18 14:26:17,571 | INFO | SECTION: PYTHON ENVIRONMENT CHECK
2025-06-18 14:26:17,571 | INFO | ============================================================
2025-06-18 14:26:17,571 | INFO | Python version: 3.13.4
2025-06-18 14:26:17,603 | INFO | numpy (required) - AVAILABLE
2025-06-18 14:26:17,770 | INFO | pandas (required) - AVAILABLE
2025-06-18 14:26:17,830 | INFO | requests (required) - AVAILABLE
2025-06-18 14:26:17,833 | INFO | tqdm (required) - AVAILABLE
2025-06-18 14:26:17,846 | INFO | jinja2 (required) - AVAILABLE
2025-06-18 14:26:17,846 | INFO | pythonnet (optional) - MISSING
2025-06-18 14:26:17,846 | INFO | scikit-learn (optional) - MISSING
2025-06-18 14:26:17,846 | INFO | faiss-cpu (optional) - MISSING
2025-06-18 14:26:17,846 | INFO | python-dotenv (optional) - MISSING
2025-06-18 14:26:17,847 | INFO | beautifulsoup4 (optional) - MISSING
2025-06-18 14:26:17,847 | INFO | Check Result: Python Environment - PASSED
2025-06-18 14:26:17,847 | INFO | ============================================================
2025-06-18 14:26:17,847 | INFO | SECTION: RAG SYSTEM CHECK
2025-06-18 14:26:17,847 | INFO | ============================================================
2025-06-18 14:26:17,848 | INFO | RAGPipeline imported successfully
2025-06-18 14:26:17,848 | INFO | RAGPipeline initialized successfully
2025-06-18 14:26:17,848 | INFO | Check Result: RAG System - PASSED
2025-06-18 14:26:17,848 | INFO | ============================================================
2025-06-18 14:26:17,848 | INFO | SECTION: DWSIM INTEGRATION CHECK (Optional)
2025-06-18 14:26:17,848 | INFO | ============================================================
2025-06-18 14:26:17,848 | INFO | DWSIMPipeline imported successfully
2025-06-18 14:26:17,848 | INFO | DWSIMPipeline initialized successfully
2025-06-18 14:26:17,848 | INFO | Check Result: DWSIM Integration - PASSED
2025-06-18 14:26:17,848 | INFO | ============================================================
2025-06-18 14:26:17,848 | INFO | SECTION: DIAGNOSTIC SUMMARY
2025-06-18 14:26:17,848 | INFO | ============================================================
2025-06-18 14:26:17,848 | INFO | Duration: 0.3 seconds
2025-06-18 14:26:17,848 | INFO | Checks: 3/3 passed (100.0%)
2025-06-18 14:26:17,848 | INFO | System health: EXCELLENT
2025-06-18 14:26:17,848 | INFO | DETAILED RESULTS:
2025-06-18 14:26:17,848 | INFO |   Python Environment: PASSED
2025-06-18 14:26:17,848 | INFO |   RAG System: PASSED
2025-06-18 14:26:17,848 | INFO |   DWSIM Integration: PASSED
2025-06-18 14:26:17,848 | INFO | Detailed log saved: logs/diagnostic_runner_20250618_142617.log
