2025-06-30 16:35:58,284 | INFO | Starting Quick PyNucleus System Diagnostic...
2025-06-30 16:35:58,291 | INFO | Started at: 2025-06-30 16:35:58
2025-06-30 16:35:58,295 | INFO | === PYTHON ENVIRONMENT CHECK ===
2025-06-30 16:35:58,296 | INFO | Python Version: 3.13.4 (main, Jun 3 2025, 15:34:24) [Clang 17.0.0 (clang-1700.0.13.3)]
2025-06-30 16:35:58,298 | INFO | Python Version: PASSED
2025-06-30 16:35:58,298 | WARNING | - Version 3.13 meets requirements
2025-06-30 16:35:58,300 | INFO | Python executable: /Users/mohammadalmusaiteer/PyNucleus-Model/.venv/bin/python
2025-06-30 16:35:58,302 | INFO | Python path includes src: True
2025-06-30 16:35:58,304 | INFO | === ESSENTIAL DEPENDENCIES CHECK ===
2025-06-30 16:35:58,306 | INFO | numpy: PASSED
2025-06-30 16:35:58,307 | WARNING | - Package available
2025-06-30 16:35:58,309 | INFO | pandas: PASSED
2025-06-30 16:35:58,312 | WARNING | - Package available
2025-06-30 16:35:58,314 | INFO | requests: PASSED
2025-06-30 16:35:58,315 | WARNING | - Package available
2025-06-30 16:35:58,316 | INFO | tqdm: PASSED
2025-06-30 16:35:58,319 | WARNING | - Package available
2025-06-30 16:35:58,321 | INFO | jinja2: PASSED
2025-06-30 16:35:58,322 | WARNING | - Package available
2025-06-30 16:35:58,323 | INFO | typer: PASSED
2025-06-30 16:35:58,324 | WARNING | - Package available
2025-06-30 16:35:58,326 | INFO | === CORE SCRIPT VALIDATION ===
2025-06-30 16:35:58,330 | INFO | src/pynucleus/cli.py - Syntax OK
2025-06-30 16:35:58,332 | INFO | src/pynucleus/cli.py - Imports OK
2025-06-30 16:35:58,333 | INFO | src/pynucleus/cli.py - Entry point (skipped execution)
2025-06-30 16:35:58,334 | INFO | src/pynucleus/cli.py - Overall: HEALTHY
2025-06-30 16:35:58,340 | INFO | src/pynucleus/pipeline/pipeline_rag.py - Syntax OK
2025-06-30 16:35:58,342 | INFO | src/pynucleus/pipeline/pipeline_rag.py - Imports OK
2025-06-30 16:35:58,345 | WARNING | src/pynucleus/pipeline/pipeline_rag.py - Execution warning: attempted relative import with no known parent package...
2025-06-30 16:35:58,346 | WARNING | src/pynucleus/pipeline/pipeline_rag.py - Overall: ISSUES FOUND
2025-06-30 16:35:58,351 | INFO | src/pynucleus/rag/rag_core.py - Syntax OK
2025-06-30 16:35:58,353 | INFO | src/pynucleus/rag/rag_core.py - Imports OK
2025-06-30 16:35:58,356 | INFO | src/pynucleus/rag/rag_core.py - Execution OK
2025-06-30 16:35:58,357 | INFO | src/pynucleus/rag/rag_core.py - Overall: HEALTHY
2025-06-30 16:35:58,369 | INFO | run_pipeline.py - Syntax OK
2025-06-30 16:35:58,370 | INFO | run_pipeline.py - Imports OK
2025-06-30 16:35:58,372 | INFO | run_pipeline.py - Entry point (skipped execution)
2025-06-30 16:35:58,372 | INFO | run_pipeline.py - Overall: HEALTHY
2025-06-30 16:35:58,374 | INFO | === RAG SYSTEM HEALTH CHECK ===
2025-06-30 16:35:58,375 | INFO | RAG Core Import: PASSED
2025-06-30 16:35:58,376 | WARNING | - RAG modules successfully imported
2025-06-30 16:35:58,378 | INFO | Testing RAG system components...
2025-06-30 16:35:58,379 | INFO | RAG System Components: PASSED
2025-06-30 16:35:58,379 | WARNING | - RAG system accessible
2025-06-30 16:35:58,380 | INFO | === BASIC INTEGRATION CHECK ===
2025-06-30 16:35:58,837 | INFO | Basic Integration: PASSED
2025-06-30 16:35:58,838 | WARNING | - Core integration modules accessible
2025-06-30 16:35:58,838 | INFO | === QUICK DIAGNOSTIC SUMMARY ===
2025-06-30 16:35:58,839 | INFO | Execution Time: 0.56 seconds
2025-06-30 16:35:58,839 | INFO | Total Checks: 10
2025-06-30 16:35:58,840 | INFO | Passed Checks: 10
2025-06-30 16:35:58,841 | INFO | Scripts Validated: 4
2025-06-30 16:35:58,842 | INFO | Healthy Scripts: 3
2025-06-30 16:35:58,843 | INFO | Success Rate: 100.0%
2025-06-30 16:35:58,844 | INFO | Overall Status: EXCELLENT
