2025-06-30 16:36:05,698 | INFO | Starting Quick PyNucleus System Diagnostic...
2025-06-30 16:36:05,702 | INFO | Started at: 2025-06-30 16:36:05
2025-06-30 16:36:05,705 | INFO | === PYTHON ENVIRONMENT CHECK ===
2025-06-30 16:36:05,707 | INFO | Python Version: 3.13.4 (main, Jun 3 2025, 15:34:24) [Clang 17.0.0 (clang-1700.0.13.3)]
2025-06-30 16:36:05,709 | INFO | Python Version: PASSED
2025-06-30 16:36:05,711 | WARNING | - Version 3.13 meets requirements
2025-06-30 16:36:05,714 | INFO | Python executable: /Users/mohammadalmusaiteer/PyNucleus-Model/.venv/bin/python
2025-06-30 16:36:05,717 | INFO | Python path includes src: True
2025-06-30 16:36:05,720 | INFO | === ESSENTIAL DEPENDENCIES CHECK ===
2025-06-30 16:36:05,723 | INFO | numpy: PASSED
2025-06-30 16:36:05,726 | WARNING | - Package available
2025-06-30 16:36:05,728 | INFO | pandas: PASSED
2025-06-30 16:36:05,735 | WARNING | - Package available
2025-06-30 16:36:05,736 | INFO | requests: PASSED
2025-06-30 16:36:05,739 | WARNING | - Package available
2025-06-30 16:36:05,740 | INFO | tqdm: PASSED
2025-06-30 16:36:05,742 | WARNING | - Package available
2025-06-30 16:36:05,744 | INFO | jinja2: PASSED
2025-06-30 16:36:05,745 | WARNING | - Package available
2025-06-30 16:36:05,747 | INFO | typer: PASSED
2025-06-30 16:36:05,748 | WARNING | - Package available
2025-06-30 16:36:05,749 | INFO | === CORE SCRIPT VALIDATION ===
2025-06-30 16:36:05,756 | INFO | src/pynucleus/cli.py - Syntax OK
2025-06-30 16:36:05,758 | INFO | src/pynucleus/cli.py - Imports OK
2025-06-30 16:36:05,759 | INFO | src/pynucleus/cli.py - Entry point (skipped execution)
2025-06-30 16:36:05,761 | INFO | src/pynucleus/cli.py - Overall: HEALTHY
2025-06-30 16:36:05,767 | INFO | src/pynucleus/pipeline/pipeline_rag.py - Syntax OK
2025-06-30 16:36:05,769 | INFO | src/pynucleus/pipeline/pipeline_rag.py - Imports OK
2025-06-30 16:36:05,772 | WARNING | src/pynucleus/pipeline/pipeline_rag.py - Execution warning: attempted relative import with no known parent package...
2025-06-30 16:36:05,774 | WARNING | src/pynucleus/pipeline/pipeline_rag.py - Overall: ISSUES FOUND
2025-06-30 16:36:05,779 | INFO | src/pynucleus/rag/rag_core.py - Syntax OK
2025-06-30 16:36:05,784 | INFO | src/pynucleus/rag/rag_core.py - Imports OK
2025-06-30 16:36:05,786 | INFO | src/pynucleus/rag/rag_core.py - Execution OK
2025-06-30 16:36:05,787 | INFO | src/pynucleus/rag/rag_core.py - Overall: HEALTHY
2025-06-30 16:36:05,800 | INFO | run_pipeline.py - Syntax OK
2025-06-30 16:36:05,801 | INFO | run_pipeline.py - Imports OK
2025-06-30 16:36:05,802 | INFO | run_pipeline.py - Entry point (skipped execution)
2025-06-30 16:36:05,804 | INFO | run_pipeline.py - Overall: HEALTHY
2025-06-30 16:36:05,806 | INFO | === RAG SYSTEM HEALTH CHECK ===
2025-06-30 16:36:05,807 | INFO | RAG Core Import: PASSED
2025-06-30 16:36:05,808 | WARNING | - RAG modules successfully imported
2025-06-30 16:36:05,808 | INFO | Testing RAG system components...
2025-06-30 16:36:05,810 | INFO | RAG System Components: PASSED
2025-06-30 16:36:05,811 | WARNING | - RAG system accessible
2025-06-30 16:36:05,812 | INFO | === BASIC INTEGRATION CHECK ===
2025-06-30 16:36:05,814 | INFO | Basic Integration: PASSED
2025-06-30 16:36:05,815 | WARNING | - Core integration modules accessible
2025-06-30 16:36:05,816 | INFO | === QUICK DIAGNOSTIC SUMMARY ===
2025-06-30 16:36:05,817 | INFO | Execution Time: 0.13 seconds
2025-06-30 16:36:05,818 | INFO | Total Checks: 10
2025-06-30 16:36:05,819 | INFO | Passed Checks: 10
2025-06-30 16:36:05,820 | INFO | Scripts Validated: 4
2025-06-30 16:36:05,822 | INFO | Healthy Scripts: 3
2025-06-30 16:36:05,822 | INFO | Success Rate: 100.0%
2025-06-30 16:36:05,823 | INFO | Overall Status: EXCELLENT
