2025-06-18 14:23:29,173 | INFO | UNIFIED PYNUCLEUS DIAGNOSTIC RUNNER
2025-06-18 14:23:29,173 | INFO | ======================================================================
2025-06-18 14:23:29,173 | INFO | Consolidated system diagnostics and validation
2025-06-18 14:23:29,173 | INFO | Running Quick Diagnostic
2025-06-18 14:23:29,173 | INFO | ============================================================
2025-06-18 14:23:29,173 | INFO | SECTION: PYTHON ENVIRONMENT CHECK
2025-06-18 14:23:29,173 | INFO | ============================================================
2025-06-18 14:23:29,173 | INFO | Python version: 3.13.4
2025-06-18 14:23:29,242 | INFO | numpy (required) - AVAILABLE
2025-06-18 14:23:29,488 | INFO | pandas (required) - AVAILABLE
2025-06-18 14:23:29,559 | INFO | requests (required) - AVAILABLE
2025-06-18 14:23:29,562 | INFO | tqdm (required) - AVAILABLE
2025-06-18 14:23:29,576 | INFO | jinja2 (required) - AVAILABLE
2025-06-18 14:23:29,576 | INFO | pythonnet (optional) - MISSING
2025-06-18 14:23:29,576 | INFO | scikit-learn (optional) - MISSING
2025-06-18 14:23:29,576 | INFO | faiss-cpu (optional) - MISSING
2025-06-18 14:23:29,576 | INFO | python-dotenv (optional) - MISSING
2025-06-18 14:23:29,576 | INFO | beautifulsoup4 (optional) - MISSING
2025-06-18 14:23:29,576 | INFO | Check Result: Python Environment - PASSED
2025-06-18 14:23:29,576 | INFO | ============================================================
2025-06-18 14:23:29,576 | INFO | SECTION: RAG SYSTEM CHECK
2025-06-18 14:23:29,576 | INFO | ============================================================
2025-06-18 14:23:29,578 | INFO | RAGPipeline imported successfully
2025-06-18 14:23:29,578 | INFO | RAGPipeline initialized successfully
2025-06-18 14:23:29,578 | INFO | Check Result: RAG System - PASSED
2025-06-18 14:23:29,578 | INFO | ============================================================
2025-06-18 14:23:29,578 | INFO | SECTION: DWSIM INTEGRATION CHECK (Optional)
2025-06-18 14:23:29,578 | INFO | ============================================================
2025-06-18 14:23:29,578 | INFO | DWSIMPipeline imported successfully
2025-06-18 14:23:29,578 | INFO | DWSIMPipeline initialized successfully
2025-06-18 14:23:29,578 | INFO | Check Result: DWSIM Integration - PASSED
2025-06-18 14:23:29,578 | INFO | ============================================================
2025-06-18 14:23:29,578 | INFO | SECTION: DIAGNOSTIC SUMMARY
2025-06-18 14:23:29,578 | INFO | ============================================================
2025-06-18 14:23:29,578 | INFO | Duration: 0.4 seconds
2025-06-18 14:23:29,578 | INFO | Checks: 3/3 passed (100.0%)
2025-06-18 14:23:29,578 | INFO | System health: EXCELLENT
2025-06-18 14:23:29,578 | INFO | DETAILED RESULTS:
2025-06-18 14:23:29,578 | INFO |   Python Environment: PASSED
2025-06-18 14:23:29,578 | INFO |   RAG System: PASSED
2025-06-18 14:23:29,578 | INFO |   DWSIM Integration: PASSED
2025-06-18 14:23:29,578 | INFO | Detailed log saved: logs/diagnostic_runner_20250618_142329.log
