2025-06-18 14:30:36,588 | INFO | UNIFIED PYNUCLEUS DIAGNOSTIC RUNNER
2025-06-18 14:30:36,589 | INFO | ======================================================================
2025-06-18 14:30:36,589 | INFO | Consolidated system diagnostics and validation
2025-06-18 14:30:36,589 | INFO | Running Quick Diagnostic
2025-06-18 14:30:36,589 | INFO | ============================================================
2025-06-18 14:30:36,589 | INFO | SECTION: PYTHON ENVIRONMENT CHECK
2025-06-18 14:30:36,589 | INFO | ============================================================
2025-06-18 14:30:36,589 | INFO | Python version: 3.13.4
2025-06-18 14:30:36,635 | INFO | numpy (required) - AVAILABLE
2025-06-18 14:30:36,870 | INFO | pandas (required) - AVAILABLE
2025-06-18 14:30:36,934 | INFO | requests (required) - AVAILABLE
2025-06-18 14:30:36,937 | INFO | tqdm (required) - AVAILABLE
2025-06-18 14:30:36,952 | INFO | jinja2 (required) - AVAILABLE
2025-06-18 14:30:36,952 | INFO | pythonnet (optional) - MISSING
2025-06-18 14:30:36,952 | INFO | scikit-learn (optional) - MISSING
2025-06-18 14:30:36,952 | INFO | faiss-cpu (optional) - MISSING
2025-06-18 14:30:36,952 | INFO | python-dotenv (optional) - MISSING
2025-06-18 14:30:36,952 | INFO | beautifulsoup4 (optional) - MISSING
2025-06-18 14:30:36,952 | INFO | Check Result: Python Environment - PASSED
2025-06-18 14:30:36,952 | INFO | ============================================================
2025-06-18 14:30:36,952 | INFO | SECTION: RAG SYSTEM CHECK
2025-06-18 14:30:36,952 | INFO | ============================================================
2025-06-18 14:30:36,954 | INFO | RAGPipeline imported successfully
2025-06-18 14:30:36,954 | INFO | RAGPipeline initialized successfully
2025-06-18 14:30:36,954 | INFO | Check Result: RAG System - PASSED
2025-06-18 14:30:36,954 | INFO | ============================================================
2025-06-18 14:30:36,954 | INFO | SECTION: DWSIM INTEGRATION CHECK (Optional)
2025-06-18 14:30:36,954 | INFO | ============================================================
2025-06-18 14:30:36,954 | INFO | DWSIMPipeline imported successfully
2025-06-18 14:30:36,954 | INFO | DWSIMPipeline initialized successfully
2025-06-18 14:30:36,954 | INFO | Check Result: DWSIM Integration - PASSED
2025-06-18 14:30:36,954 | INFO | ============================================================
2025-06-18 14:30:36,954 | INFO | SECTION: DIAGNOSTIC SUMMARY
2025-06-18 14:30:36,954 | INFO | ============================================================
2025-06-18 14:30:36,954 | INFO | Duration: 0.4 seconds
2025-06-18 14:30:36,954 | INFO | Checks: 3/3 passed (100.0%)
2025-06-18 14:30:36,954 | INFO | System health: EXCELLENT
2025-06-18 14:30:36,954 | INFO | DETAILED RESULTS:
2025-06-18 14:30:36,954 | INFO |   Python Environment: PASSED
2025-06-18 14:30:36,954 | INFO |   RAG System: PASSED
2025-06-18 14:30:36,954 | INFO |   DWSIM Integration: PASSED
2025-06-18 14:30:36,954 | INFO | Detailed log saved: logs/diagnostic_runner_20250618_143036.log
