2025-06-21 04:17:01,194 | pynucleus | INFO | run_web_app.py:70 | PyNucleus web application starting
2025-06-21 04:17:01,251 | werkzeug | INFO | _internal.py:97 | [31m[1mWARNING: This is a development server. Do not use it in a production deployment. Use a production WSGI server instead.[0m
 * Running on all addresses (0.0.0.0)
 * Running on http://127.0.0.1:5001
 * Running on http://192.168.1.13:5001
2025-06-21 04:17:01,251 | werkzeug | INFO | _internal.py:97 | [33mPress CTRL+C to quit[0m
2025-06-21 04:17:07,562 | pynucleus.api.app | INFO | app.py:83 | Health check requested
2025-06-21 04:17:07,563 | werkzeug | INFO | _internal.py:97 | 127.0.0.1 - - [21/Jun/2025 04:17:07] "GET /health HTTP/1.1" 200 -
2025-06-21 04:17:15,455 | werkzeug | INFO | _internal.py:97 | 127.0.0.1 - - [21/Jun/2025 04:17:15] "GET / HTTP/1.1" 200 -
2025-06-21 04:17:15,975 | pynucleus.rag.vector_store | INFO | vector_store.py:601 | ChromaDB client initialized successfully in vector store
2025-06-21 04:17:15,976 | pynucleus.rag.vector_store | INFO | vector_store.py:630 | Loaded existing ChromaDB collection: pynucleus_documents
2025-06-21 04:17:16,034 | pynucleus.rag.vector_store | INFO | vector_store.py:635 | ChromaDB collection contains 3588 documents
2025-06-21 04:17:16,157 | pynucleus.rag.vector_store | INFO | vector_store.py:712 | ChromaDB search for 'test...' returned 1 results
2025-06-21 04:17:16,157 | pynucleus | WARNING | engine.py:144 | ChromaVectorStore retrieval failed, falling back to direct collection query: 'list' object has no attribute 'get'
2025-06-21 04:17:16,158 | pynucleus | INFO | engine.py:39 | ChromaDB client initialized successfully in engine
2025-06-21 04:17:16,158 | pynucleus | INFO | logger.py:24 | ✅ ChromaDB collection initialized successfully
2025-06-21 04:17:16,315 | werkzeug | INFO | _internal.py:97 | 127.0.0.1 - - [21/Jun/2025 04:17:16] "[33mGET /favicon.ico HTTP/1.1[0m" 404 -
2025-06-21 04:17:16,384 | pynucleus.rag.vector_store | INFO | vector_store.py:712 | ChromaDB search for '...' returned 1000 results
2025-06-21 04:17:16,384 | pynucleus | WARNING | engine.py:144 | ChromaVectorStore retrieval failed, falling back to direct collection query: 'list' object has no attribute 'get'
2025-06-21 04:17:16,474 | werkzeug | INFO | _internal.py:97 | 127.0.0.1 - - [21/Jun/2025 04:17:16] "GET /status HTTP/1.1" 200 -
2025-06-21 04:17:25,773 | pynucleus.api.app | INFO | app.py:164 | Processing question: What is modular plants?...
2025-06-21 04:17:25,885 | pynucleus.rag.vector_store | INFO | vector_store.py:712 | ChromaDB search for 'What is modular plants?...' returned 5 results
2025-06-21 04:17:26,583 | pynucleus | WARNING | model_loader.py:80 | Model generation failed: Empty or too short response. Using fallback.
2025-06-21 04:17:26,583 | pynucleus.api.app | INFO | app.py:189 | Question processed successfully in 0.81s
2025-06-21 04:17:26,583 | werkzeug | INFO | _internal.py:97 | 127.0.0.1 - - [21/Jun/2025 04:17:26] "POST /ask HTTP/1.1" 200 -
2025-06-21 04:17:29,354 | werkzeug | INFO | _internal.py:97 | 127.0.0.1 - - [21/Jun/2025 04:17:29] "GET / HTTP/1.1" 200 -
2025-06-21 04:17:29,569 | pynucleus.rag.vector_store | INFO | vector_store.py:712 | ChromaDB search for 'test...' returned 1 results
2025-06-21 04:17:29,569 | pynucleus | WARNING | engine.py:144 | ChromaVectorStore retrieval failed, falling back to direct collection query: 'list' object has no attribute 'get'
2025-06-21 04:17:29,744 | pynucleus.rag.vector_store | INFO | vector_store.py:712 | ChromaDB search for '...' returned 1000 results
2025-06-21 04:17:29,744 | pynucleus | WARNING | engine.py:144 | ChromaVectorStore retrieval failed, falling back to direct collection query: 'list' object has no attribute 'get'
2025-06-21 04:17:29,838 | werkzeug | INFO | _internal.py:97 | 127.0.0.1 - - [21/Jun/2025 04:17:29] "GET /status HTTP/1.1" 200 -
2025-06-21 04:17:30,586 | werkzeug | INFO | _internal.py:97 | 127.0.0.1 - - [21/Jun/2025 04:17:30] "GET / HTTP/1.1" 200 -
2025-06-21 04:17:30,797 | pynucleus.rag.vector_store | INFO | vector_store.py:712 | ChromaDB search for 'test...' returned 1 results
2025-06-21 04:17:30,798 | pynucleus | WARNING | engine.py:144 | ChromaVectorStore retrieval failed, falling back to direct collection query: 'list' object has no attribute 'get'
2025-06-21 04:17:30,970 | pynucleus.rag.vector_store | INFO | vector_store.py:712 | ChromaDB search for '...' returned 1000 results
2025-06-21 04:17:30,970 | pynucleus | WARNING | engine.py:144 | ChromaVectorStore retrieval failed, falling back to direct collection query: 'list' object has no attribute 'get'
2025-06-21 04:17:31,061 | werkzeug | INFO | _internal.py:97 | 127.0.0.1 - - [21/Jun/2025 04:17:31] "GET /status HTTP/1.1" 200 -
2025-06-21 04:17:40,406 | pynucleus.api.app | INFO | app.py:330 | Refreshing vector database - checking for new documents
2025-06-21 04:17:40,407 | pynucleus.api.app | INFO | app.py:357 | Found 9 files in source_documents, processing...
2025-06-21 04:17:40,408 | pynucleus | INFO | collector.py:64 | ChromaDB client initialized successfully in collector
2025-06-21 04:17:40,410 | sentence_transformers.SentenceTransformer | INFO | SentenceTransformer.py:211 | Use pytorch device_name: mps
2025-06-21 04:17:40,410 | sentence_transformers.SentenceTransformer | INFO | SentenceTransformer.py:219 | Load pretrained SentenceTransformer: all-MiniLM-L6-v2
2025-06-21 04:17:41,660 | pynucleus | INFO | collector.py:113 | Found 8 files to ingest from data/01_raw/source_documents
2025-06-21 04:17:41,660 | pynucleus | INFO | collector.py:114 |   - 1 .txt files
2025-06-21 04:17:41,660 | pynucleus | INFO | collector.py:115 |   - 7 .pdf files
2025-06-21 04:17:41,660 | pynucleus | INFO | collector.py:116 |   - 0 .md files
2025-06-21 04:17:41,663 | pynucleus.rag.document_processor | ERROR | document_processor.py:83 | Failed to process document data/01_raw/source_documents/The Landscape of Modular Chemical Plants in Africa- Opportunities, Challenges, and Strategic Imperatives for Industrialization.txt: sequence item 0: expected str instance, dict found
2025-06-21 04:17:41,663 | pynucleus | WARNING | collector.py:128 | Document processor failed for data/01_raw/source_documents/The Landscape of Modular Chemical Plants in Africa- Opportunities, Challenges, and Strategic Imperatives for Industrialization.txt: sequence item 0: expected str instance, dict found
2025-06-21 04:18:01,883 | pdfminer.pdfinterp | WARNING | pdfinterp.py:831 | Cannot set gray non-stroke color because /'P0' is an invalid float value
2025-06-21 04:18:01,884 | pdfminer.pdfinterp | WARNING | pdfinterp.py:831 | Cannot set gray non-stroke color because /'P0' is an invalid float value
2025-06-21 04:18:01,884 | pdfminer.pdfinterp | WARNING | pdfinterp.py:831 | Cannot set gray non-stroke color because /'P0' is an invalid float value
2025-06-21 04:18:01,885 | pdfminer.pdfinterp | WARNING | pdfinterp.py:831 | Cannot set gray non-stroke color because /'P0' is an invalid float value
2025-06-21 04:18:01,886 | pdfminer.pdfinterp | WARNING | pdfinterp.py:831 | Cannot set gray non-stroke color because /'P0' is an invalid float value
2025-06-21 04:18:28,514 | camelot | INFO | lattice.py:407 | Processing page-1
2025-06-21 04:18:28,529 | pynucleus.rag.document_processor | ERROR | document_processor.py:466 | Failed to extract tables from data/01_raw/source_documents/Engineering Economics and Economic Design for Process Engineers.pdf: Ghostscript is not installed. You can install it using the instructions here: https://camelot-py.readthedocs.io/en/master/user/install-deps.html
2025-06-21 04:18:28,808 | camelot | INFO | lattice.py:407 | Processing page-1
2025-06-21 04:18:28,808 | pynucleus.rag.document_processor | ERROR | document_processor.py:466 | Failed to extract tables from data/01_raw/source_documents/Process Simulation Specifications.pdf: Ghostscript is not installed. You can install it using the instructions here: https://camelot-py.readthedocs.io/en/master/user/install-deps.html
2025-06-21 04:18:29,244 | pdfminer.pdfinterp | WARNING | pdfinterp.py:831 | Cannot set gray non-stroke color because /'P0' is an invalid float value
2025-06-21 04:18:29,383 | pdfminer.pdfinterp | WARNING | pdfinterp.py:831 | Cannot set gray non-stroke color because /'P0' is an invalid float value
2025-06-21 04:18:29,702 | pdfminer.pdfinterp | WARNING | pdfinterp.py:831 | Cannot set gray non-stroke color because /'P0' is an invalid float value
2025-06-21 04:18:29,781 | pdfminer.pdfinterp | WARNING | pdfinterp.py:831 | Cannot set gray non-stroke color because /'P0' is an invalid float value
2025-06-21 04:18:29,859 | pdfminer.pdfinterp | WARNING | pdfinterp.py:831 | Cannot set gray non-stroke color because /'P0' is an invalid float value
2025-06-21 04:18:30,499 | pdfminer.pdfinterp | WARNING | pdfinterp.py:831 | Cannot set gray non-stroke color because /'P0' is an invalid float value
2025-06-21 04:18:30,603 | pdfminer.pdfinterp | WARNING | pdfinterp.py:831 | Cannot set gray non-stroke color because /'P0' is an invalid float value
2025-06-21 04:18:30,679 | pdfminer.pdfinterp | WARNING | pdfinterp.py:831 | Cannot set gray non-stroke color because /'P0' is an invalid float value
2025-06-21 04:18:31,272 | pdfminer.pdfinterp | WARNING | pdfinterp.py:831 | Cannot set gray non-stroke color because /'P0' is an invalid float value
2025-06-21 04:18:31,434 | pdfminer.pdfinterp | WARNING | pdfinterp.py:831 | Cannot set gray non-stroke color because /'P0' is an invalid float value
2025-06-21 04:18:32,599 | pdfminer.pdfinterp | WARNING | pdfinterp.py:831 | Cannot set gray non-stroke color because /'P0' is an invalid float value
2025-06-21 04:18:33,051 | pdfminer.pdfinterp | WARNING | pdfinterp.py:831 | Cannot set gray non-stroke color because /'P0' is an invalid float value
2025-06-21 04:18:33,474 | pdfminer.pdfinterp | WARNING | pdfinterp.py:831 | Cannot set gray non-stroke color because /'P0' is an invalid float value
2025-06-21 04:18:34,192 | pdfminer.pdfinterp | WARNING | pdfinterp.py:831 | Cannot set gray non-stroke color because /'P0' is an invalid float value
2025-06-21 04:18:34,290 | pdfminer.pdfinterp | WARNING | pdfinterp.py:831 | Cannot set gray non-stroke color because /'P0' is an invalid float value
2025-06-21 04:18:34,375 | pdfminer.pdfinterp | WARNING | pdfinterp.py:831 | Cannot set gray non-stroke color because /'P0' is an invalid float value
2025-06-21 04:18:35,497 | pdfminer.pdfinterp | WARNING | pdfinterp.py:831 | Cannot set gray non-stroke color because /'P0' is an invalid float value
2025-06-21 04:18:35,501 | pdfminer.pdfinterp | WARNING | pdfinterp.py:831 | Cannot set gray non-stroke color because /'P1' is an invalid float value
2025-06-21 04:18:35,909 | pdfminer.pdfinterp | WARNING | pdfinterp.py:831 | Cannot set gray non-stroke color because /'P0' is an invalid float value
2025-06-21 04:18:36,578 | pdfminer.pdfinterp | WARNING | pdfinterp.py:831 | Cannot set gray non-stroke color because /'P0' is an invalid float value
2025-06-21 04:18:36,581 | pdfminer.pdfinterp | WARNING | pdfinterp.py:831 | Cannot set gray non-stroke color because /'P1' is an invalid float value
2025-06-21 04:18:36,688 | pdfminer.pdfinterp | WARNING | pdfinterp.py:831 | Cannot set gray non-stroke color because /'P0' is an invalid float value
2025-06-21 04:18:36,688 | pdfminer.pdfinterp | WARNING | pdfinterp.py:831 | Cannot set gray non-stroke color because /'P1' is an invalid float value
2025-06-21 04:18:37,118 | pdfminer.pdfinterp | WARNING | pdfinterp.py:831 | Cannot set gray non-stroke color because /'P0' is an invalid float value
2025-06-21 04:18:37,248 | pdfminer.pdfinterp | WARNING | pdfinterp.py:831 | Cannot set gray non-stroke color because /'P0' is an invalid float value
2025-06-21 04:18:37,249 | pdfminer.pdfinterp | WARNING | pdfinterp.py:831 | Cannot set gray non-stroke color because /'P1' is an invalid float value
2025-06-21 04:18:37,460 | pdfminer.pdfinterp | WARNING | pdfinterp.py:831 | Cannot set gray non-stroke color because /'P0' is an invalid float value
2025-06-21 04:18:37,463 | pdfminer.pdfinterp | WARNING | pdfinterp.py:831 | Cannot set gray non-stroke color because /'P1' is an invalid float value
2025-06-21 04:18:37,470 | pdfminer.pdfinterp | WARNING | pdfinterp.py:831 | Cannot set gray non-stroke color because /'P2' is an invalid float value
2025-06-21 04:18:37,472 | pdfminer.pdfinterp | WARNING | pdfinterp.py:831 | Cannot set gray non-stroke color because /'P3' is an invalid float value
2025-06-21 04:18:38,047 | pdfminer.pdfinterp | WARNING | pdfinterp.py:831 | Cannot set gray non-stroke color because /'P0' is an invalid float value
2025-06-21 04:18:38,159 | pdfminer.pdfinterp | WARNING | pdfinterp.py:831 | Cannot set gray non-stroke color because /'P0' is an invalid float value
2025-06-21 04:18:38,257 | pdfminer.pdfinterp | WARNING | pdfinterp.py:831 | Cannot set gray non-stroke color because /'P0' is an invalid float value
2025-06-21 04:18:38,259 | pdfminer.pdfinterp | WARNING | pdfinterp.py:831 | Cannot set gray non-stroke color because /'P1' is an invalid float value
2025-06-21 04:18:38,376 | pdfminer.pdfinterp | WARNING | pdfinterp.py:831 | Cannot set gray non-stroke color because /'P0' is an invalid float value
2025-06-21 04:18:38,386 | pdfminer.pdfinterp | WARNING | pdfinterp.py:831 | Cannot set gray non-stroke color because /'P1' is an invalid float value
2025-06-21 04:18:38,640 | pdfminer.pdfinterp | WARNING | pdfinterp.py:831 | Cannot set gray non-stroke color because /'P0' is an invalid float value
2025-06-21 04:18:39,345 | pdfminer.pdfinterp | WARNING | pdfinterp.py:831 | Cannot set gray non-stroke color because /'P0' is an invalid float value
2025-06-21 04:18:39,555 | pdfminer.pdfinterp | WARNING | pdfinterp.py:831 | Cannot set gray non-stroke color because /'P0' is an invalid float value
2025-06-21 04:18:39,555 | pdfminer.pdfinterp | WARNING | pdfinterp.py:831 | Cannot set gray non-stroke color because /'P1' is an invalid float value
2025-06-21 04:18:39,557 | pdfminer.pdfinterp | WARNING | pdfinterp.py:831 | Cannot set gray non-stroke color because /'P2' is an invalid float value
2025-06-21 04:18:39,557 | pdfminer.pdfinterp | WARNING | pdfinterp.py:831 | Cannot set gray non-stroke color because /'P3' is an invalid float value
2025-06-21 04:18:39,558 | pdfminer.pdfinterp | WARNING | pdfinterp.py:831 | Cannot set gray non-stroke color because /'P4' is an invalid float value
2025-06-21 04:18:39,558 | pdfminer.pdfinterp | WARNING | pdfinterp.py:831 | Cannot set gray non-stroke color because /'P5' is an invalid float value
2025-06-21 04:18:39,827 | pdfminer.pdfinterp | WARNING | pdfinterp.py:831 | Cannot set gray non-stroke color because /'P0' is an invalid float value
2025-06-21 04:18:39,827 | pdfminer.pdfinterp | WARNING | pdfinterp.py:831 | Cannot set gray non-stroke color because /'P1' is an invalid float value
2025-06-21 04:18:40,464 | pdfminer.pdfinterp | WARNING | pdfinterp.py:831 | Cannot set gray non-stroke color because /'P0' is an invalid float value
2025-06-21 04:18:41,172 | pdfminer.pdfinterp | WARNING | pdfinterp.py:831 | Cannot set gray non-stroke color because /'P0' is an invalid float value
2025-06-21 04:18:41,174 | pdfminer.pdfinterp | WARNING | pdfinterp.py:831 | Cannot set gray non-stroke color because /'P1' is an invalid float value
2025-06-21 04:18:41,175 | pdfminer.pdfinterp | WARNING | pdfinterp.py:831 | Cannot set gray non-stroke color because /'P2' is an invalid float value
2025-06-21 04:18:42,636 | pdfminer.pdfinterp | WARNING | pdfinterp.py:831 | Cannot set gray non-stroke color because /'P0' is an invalid float value
2025-06-21 04:18:42,636 | pdfminer.pdfinterp | WARNING | pdfinterp.py:831 | Cannot set gray non-stroke color because /'P1' is an invalid float value
2025-06-21 04:18:43,548 | pdfminer.pdfinterp | WARNING | pdfinterp.py:831 | Cannot set gray non-stroke color because /'P0' is an invalid float value
2025-06-21 04:18:44,046 | pdfminer.pdfinterp | WARNING | pdfinterp.py:831 | Cannot set gray non-stroke color because /'P0' is an invalid float value
2025-06-21 04:18:44,485 | pdfminer.pdfinterp | WARNING | pdfinterp.py:831 | Cannot set gray non-stroke color because /'P0' is an invalid float value
2025-06-21 04:18:44,776 | pdfminer.pdfinterp | WARNING | pdfinterp.py:831 | Cannot set gray non-stroke color because /'P0' is an invalid float value
2025-06-21 04:18:44,780 | pdfminer.pdfinterp | WARNING | pdfinterp.py:831 | Cannot set gray non-stroke color because /'P1' is an invalid float value
2025-06-21 04:18:45,100 | pdfminer.pdfinterp | WARNING | pdfinterp.py:831 | Cannot set gray non-stroke color because /'P0' is an invalid float value
2025-06-21 04:18:46,152 | pdfminer.pdfinterp | WARNING | pdfinterp.py:831 | Cannot set gray non-stroke color because /'P0' is an invalid float value
2025-06-21 04:18:46,158 | pdfminer.pdfinterp | WARNING | pdfinterp.py:831 | Cannot set gray non-stroke color because /'P1' is an invalid float value
2025-06-21 04:18:46,492 | pdfminer.pdfinterp | WARNING | pdfinterp.py:831 | Cannot set gray non-stroke color because /'P0' is an invalid float value
2025-06-21 04:18:46,496 | pdfminer.pdfinterp | WARNING | pdfinterp.py:831 | Cannot set gray non-stroke color because /'P1' is an invalid float value
2025-06-21 04:18:46,610 | pdfminer.pdfinterp | WARNING | pdfinterp.py:831 | Cannot set gray non-stroke color because /'P0' is an invalid float value
2025-06-21 04:18:46,696 | pdfminer.pdfinterp | WARNING | pdfinterp.py:831 | Cannot set gray non-stroke color because /'P0' is an invalid float value
2025-06-21 04:18:47,232 | pdfminer.pdfinterp | WARNING | pdfinterp.py:831 | Cannot set gray non-stroke color because /'P0' is an invalid float value
2025-06-21 04:18:49,159 | pdfminer.pdfinterp | WARNING | pdfinterp.py:831 | Cannot set gray non-stroke color because /'P0' is an invalid float value
2025-06-21 04:18:49,161 | pdfminer.pdfinterp | WARNING | pdfinterp.py:831 | Cannot set gray non-stroke color because /'P1' is an invalid float value
2025-06-21 04:18:49,517 | pdfminer.pdfinterp | WARNING | pdfinterp.py:831 | Cannot set gray non-stroke color because /'P0' is an invalid float value
2025-06-21 04:18:49,521 | pdfminer.pdfinterp | WARNING | pdfinterp.py:831 | Cannot set gray non-stroke color because /'P1' is an invalid float value
2025-06-21 04:18:50,134 | pdfminer.pdfinterp | WARNING | pdfinterp.py:831 | Cannot set gray non-stroke color because /'P0' is an invalid float value
2025-06-21 04:18:50,646 | pdfminer.pdfinterp | WARNING | pdfinterp.py:831 | Cannot set gray non-stroke color because /'P0' is an invalid float value
2025-06-21 04:18:50,856 | pdfminer.pdfinterp | WARNING | pdfinterp.py:831 | Cannot set gray non-stroke color because /'P0' is an invalid float value
2025-06-21 04:18:50,861 | pdfminer.pdfinterp | WARNING | pdfinterp.py:831 | Cannot set gray non-stroke color because /'P1' is an invalid float value
2025-06-21 04:18:51,103 | pdfminer.pdfinterp | WARNING | pdfinterp.py:831 | Cannot set gray non-stroke color because /'P0' is an invalid float value
2025-06-21 04:18:52,207 | pdfminer.pdfinterp | WARNING | pdfinterp.py:831 | Cannot set gray non-stroke color because /'P0' is an invalid float value
2025-06-21 04:18:52,207 | pdfminer.pdfinterp | WARNING | pdfinterp.py:831 | Cannot set gray non-stroke color because /'P1' is an invalid float value
2025-06-21 04:18:52,842 | pdfminer.pdfinterp | WARNING | pdfinterp.py:831 | Cannot set gray non-stroke color because /'P0' is an invalid float value
2025-06-21 04:18:53,589 | pdfminer.pdfinterp | WARNING | pdfinterp.py:831 | Cannot set gray non-stroke color because /'P0' is an invalid float value
2025-06-21 04:18:53,590 | pdfminer.pdfinterp | WARNING | pdfinterp.py:831 | Cannot set gray non-stroke color because /'P1' is an invalid float value
2025-06-21 04:18:53,933 | pdfminer.pdfinterp | WARNING | pdfinterp.py:831 | Cannot set gray non-stroke color because /'P0' is an invalid float value
2025-06-21 04:18:53,934 | pdfminer.pdfinterp | WARNING | pdfinterp.py:831 | Cannot set gray non-stroke color because /'P1' is an invalid float value
2025-06-21 04:18:54,964 | pdfminer.pdfinterp | WARNING | pdfinterp.py:831 | Cannot set gray non-stroke color because /'P0' is an invalid float value
2025-06-21 04:18:54,965 | pdfminer.pdfinterp | WARNING | pdfinterp.py:831 | Cannot set gray non-stroke color because /'P1' is an invalid float value
2025-06-21 04:18:55,317 | pdfminer.pdfinterp | WARNING | pdfinterp.py:831 | Cannot set gray non-stroke color because /'P0' is an invalid float value
2025-06-21 04:18:55,529 | pdfminer.pdfinterp | WARNING | pdfinterp.py:831 | Cannot set gray non-stroke color because /'P0' is an invalid float value
2025-06-21 04:18:55,810 | pdfminer.pdfinterp | WARNING | pdfinterp.py:831 | Cannot set gray non-stroke color because /'P0' is an invalid float value
2025-06-21 04:18:55,811 | pdfminer.pdfinterp | WARNING | pdfinterp.py:831 | Cannot set gray non-stroke color because /'P1' is an invalid float value
2025-06-21 04:18:56,673 | pdfminer.pdfinterp | WARNING | pdfinterp.py:831 | Cannot set gray non-stroke color because /'P0' is an invalid float value
2025-06-21 04:18:57,418 | pdfminer.pdfinterp | WARNING | pdfinterp.py:831 | Cannot set gray non-stroke color because /'P0' is an invalid float value
2025-06-21 04:18:58,583 | pdfminer.pdfinterp | WARNING | pdfinterp.py:831 | Cannot set gray non-stroke color because /'P0' is an invalid float value
2025-06-21 04:18:59,275 | pdfminer.pdfinterp | WARNING | pdfinterp.py:831 | Cannot set gray non-stroke color because /'P0' is an invalid float value
2025-06-21 04:18:59,381 | pdfminer.pdfinterp | WARNING | pdfinterp.py:831 | Cannot set gray non-stroke color because /'P0' is an invalid float value
2025-06-21 04:19:00,049 | pdfminer.pdfinterp | WARNING | pdfinterp.py:831 | Cannot set gray non-stroke color because /'P0' is an invalid float value
2025-06-21 04:19:00,754 | pdfminer.pdfinterp | WARNING | pdfinterp.py:831 | Cannot set gray non-stroke color because /'P0' is an invalid float value
2025-06-21 04:19:00,757 | pdfminer.pdfinterp | WARNING | pdfinterp.py:831 | Cannot set gray non-stroke color because /'P1' is an invalid float value
2025-06-21 04:19:00,759 | pdfminer.pdfinterp | WARNING | pdfinterp.py:831 | Cannot set gray non-stroke color because /'P2' is an invalid float value
2025-06-21 04:19:00,853 | pdfminer.pdfinterp | WARNING | pdfinterp.py:831 | Cannot set gray non-stroke color because /'P0' is an invalid float value
2025-06-21 04:19:00,857 | pdfminer.pdfinterp | WARNING | pdfinterp.py:831 | Cannot set gray non-stroke color because /'P1' is an invalid float value
2025-06-21 04:19:01,010 | pdfminer.pdfinterp | WARNING | pdfinterp.py:831 | Cannot set gray non-stroke color because /'P2' is an invalid float value
2025-06-21 04:19:01,013 | pdfminer.pdfinterp | WARNING | pdfinterp.py:831 | Cannot set gray non-stroke color because /'P3' is an invalid float value
2025-06-21 04:19:01,305 | pdfminer.pdfinterp | WARNING | pdfinterp.py:831 | Cannot set gray non-stroke color because /'P0' is an invalid float value
2025-06-21 04:19:01,309 | pdfminer.pdfinterp | WARNING | pdfinterp.py:831 | Cannot set gray non-stroke color because /'P1' is an invalid float value
2025-06-21 04:19:01,415 | pdfminer.pdfinterp | WARNING | pdfinterp.py:831 | Cannot set gray non-stroke color because /'P0' is an invalid float value
2025-06-21 04:19:01,519 | pdfminer.pdfinterp | WARNING | pdfinterp.py:831 | Cannot set gray non-stroke color because /'P0' is an invalid float value
2025-06-21 04:19:02,162 | pdfminer.pdfinterp | WARNING | pdfinterp.py:831 | Cannot set gray non-stroke color because /'P0' is an invalid float value
2025-06-21 04:19:02,748 | pdfminer.pdfinterp | WARNING | pdfinterp.py:831 | Cannot set gray non-stroke color because /'P0' is an invalid float value
2025-06-21 04:19:03,437 | pdfminer.pdfinterp | WARNING | pdfinterp.py:831 | Cannot set gray non-stroke color because /'P0' is an invalid float value
2025-06-21 04:19:03,535 | pdfminer.pdfinterp | WARNING | pdfinterp.py:831 | Cannot set gray non-stroke color because /'P0' is an invalid float value
2025-06-21 04:19:04,329 | pdfminer.pdfinterp | WARNING | pdfinterp.py:831 | Cannot set gray non-stroke color because /'P0' is an invalid float value
2025-06-21 04:19:04,773 | pdfminer.pdfinterp | WARNING | pdfinterp.py:831 | Cannot set gray non-stroke color because /'P0' is an invalid float value
2025-06-21 04:19:05,279 | pdfminer.pdfinterp | WARNING | pdfinterp.py:831 | Cannot set gray non-stroke color because /'P0' is an invalid float value
2025-06-21 04:19:05,637 | pdfminer.pdfinterp | WARNING | pdfinterp.py:831 | Cannot set gray non-stroke color because /'P0' is an invalid float value
2025-06-21 04:19:05,734 | pdfminer.pdfinterp | WARNING | pdfinterp.py:831 | Cannot set gray non-stroke color because /'P0' is an invalid float value
2025-06-21 04:19:05,735 | pdfminer.pdfinterp | WARNING | pdfinterp.py:831 | Cannot set gray non-stroke color because /'P1' is an invalid float value
2025-06-21 04:19:05,968 | pdfminer.pdfinterp | WARNING | pdfinterp.py:831 | Cannot set gray non-stroke color because /'P0' is an invalid float value
2025-06-21 04:19:05,971 | pdfminer.pdfinterp | WARNING | pdfinterp.py:831 | Cannot set gray non-stroke color because /'P1' is an invalid float value
2025-06-21 04:19:06,147 | pdfminer.pdfinterp | WARNING | pdfinterp.py:831 | Cannot set gray non-stroke color because /'P0' is an invalid float value
2025-06-21 04:19:06,236 | pdfminer.pdfinterp | WARNING | pdfinterp.py:831 | Cannot set gray non-stroke color because /'P0' is an invalid float value
2025-06-21 04:19:06,876 | pdfminer.pdfinterp | WARNING | pdfinterp.py:831 | Cannot set gray non-stroke color because /'P0' is an invalid float value
2025-06-21 04:19:06,979 | pdfminer.pdfinterp | WARNING | pdfinterp.py:831 | Cannot set gray non-stroke color because /'P0' is an invalid float value
2025-06-21 04:19:07,325 | pdfminer.pdfinterp | WARNING | pdfinterp.py:831 | Cannot set gray non-stroke color because /'P0' is an invalid float value
2025-06-21 04:19:07,436 | pdfminer.pdfinterp | WARNING | pdfinterp.py:831 | Cannot set gray non-stroke color because /'P0' is an invalid float value
2025-06-21 04:19:07,530 | pdfminer.pdfinterp | WARNING | pdfinterp.py:831 | Cannot set gray non-stroke color because /'P0' is an invalid float value
2025-06-21 04:19:08,166 | pdfminer.pdfinterp | WARNING | pdfinterp.py:831 | Cannot set gray non-stroke color because /'P0' is an invalid float value
2025-06-21 04:19:09,065 | pdfminer.pdfinterp | WARNING | pdfinterp.py:831 | Cannot set gray non-stroke color because /'P0' is an invalid float value
2025-06-21 04:19:09,070 | pdfminer.pdfinterp | WARNING | pdfinterp.py:831 | Cannot set gray non-stroke color because /'P1' is an invalid float value
2025-06-21 04:19:09,169 | pdfminer.pdfinterp | WARNING | pdfinterp.py:831 | Cannot set gray non-stroke color because /'P0' is an invalid float value
2025-06-21 04:19:09,657 | pdfminer.pdfinterp | WARNING | pdfinterp.py:831 | Cannot set gray non-stroke color because /'P0' is an invalid float value
2025-06-21 04:19:11,043 | pdfminer.pdfinterp | WARNING | pdfinterp.py:831 | Cannot set gray non-stroke color because /'P0' is an invalid float value
2025-06-21 04:19:11,126 | pdfminer.pdfinterp | WARNING | pdfinterp.py:831 | Cannot set gray non-stroke color because /'P0' is an invalid float value
2025-06-21 04:19:11,910 | pdfminer.pdfinterp | WARNING | pdfinterp.py:831 | Cannot set gray non-stroke color because /'P0' is an invalid float value
2025-06-21 04:19:12,700 | pdfminer.pdfinterp | WARNING | pdfinterp.py:831 | Cannot set gray non-stroke color because /'P0' is an invalid float value
2025-06-21 04:19:13,324 | pdfminer.pdfinterp | WARNING | pdfinterp.py:831 | Cannot set gray non-stroke color because /'P0' is an invalid float value
2025-06-21 04:19:13,326 | pdfminer.pdfinterp | WARNING | pdfinterp.py:831 | Cannot set gray non-stroke color because /'P1' is an invalid float value
2025-06-21 04:19:13,665 | pdfminer.pdfinterp | WARNING | pdfinterp.py:831 | Cannot set gray non-stroke color because /'P0' is an invalid float value
2025-06-21 04:19:13,874 | pdfminer.pdfinterp | WARNING | pdfinterp.py:831 | Cannot set gray non-stroke color because /'P0' is an invalid float value
2025-06-21 04:19:13,876 | pdfminer.pdfinterp | WARNING | pdfinterp.py:831 | Cannot set gray non-stroke color because /'P1' is an invalid float value
2025-06-21 04:19:14,424 | pdfminer.pdfinterp | WARNING | pdfinterp.py:831 | Cannot set gray non-stroke color because /'P0' is an invalid float value
2025-06-21 04:19:14,795 | pdfminer.pdfinterp | WARNING | pdfinterp.py:831 | Cannot set gray non-stroke color because /'P0' is an invalid float value
2025-06-21 04:19:14,798 | pdfminer.pdfinterp | WARNING | pdfinterp.py:831 | Cannot set gray non-stroke color because /'P1' is an invalid float value
2025-06-21 04:19:15,579 | pdfminer.pdfinterp | WARNING | pdfinterp.py:831 | Cannot set gray non-stroke color because /'P0' is an invalid float value
2025-06-21 04:19:16,263 | pdfminer.pdfinterp | WARNING | pdfinterp.py:831 | Cannot set gray non-stroke color because /'P0' is an invalid float value
2025-06-21 04:19:16,263 | pdfminer.pdfinterp | WARNING | pdfinterp.py:831 | Cannot set gray non-stroke color because /'P1' is an invalid float value
2025-06-21 04:19:17,124 | pdfminer.pdfinterp | WARNING | pdfinterp.py:831 | Cannot set gray non-stroke color because /'P0' is an invalid float value
2025-06-21 04:19:17,541 | pdfminer.pdfinterp | WARNING | pdfinterp.py:831 | Cannot set gray non-stroke color because /'P0' is an invalid float value
2025-06-21 04:19:17,851 | pdfminer.pdfinterp | WARNING | pdfinterp.py:831 | Cannot set gray non-stroke color because /'P0' is an invalid float value
2025-06-21 04:19:17,854 | pdfminer.pdfinterp | WARNING | pdfinterp.py:831 | Cannot set gray non-stroke color because /'P1' is an invalid float value
2025-06-21 04:19:18,170 | pdfminer.pdfinterp | WARNING | pdfinterp.py:831 | Cannot set gray non-stroke color because /'P0' is an invalid float value
2025-06-21 04:19:18,172 | pdfminer.pdfinterp | WARNING | pdfinterp.py:831 | Cannot set gray non-stroke color because /'P1' is an invalid float value
2025-06-21 04:19:18,834 | pdfminer.pdfinterp | WARNING | pdfinterp.py:831 | Cannot set gray non-stroke color because /'P0' is an invalid float value
2025-06-21 04:19:18,836 | pdfminer.pdfinterp | WARNING | pdfinterp.py:831 | Cannot set gray non-stroke color because /'P1' is an invalid float value
2025-06-21 04:19:18,844 | pdfminer.pdfinterp | WARNING | pdfinterp.py:831 | Cannot set gray non-stroke color because /'P2' is an invalid float value
2025-06-21 04:19:18,946 | pdfminer.pdfinterp | WARNING | pdfinterp.py:831 | Cannot set gray non-stroke color because /'P0' is an invalid float value
2025-06-21 04:19:18,955 | pdfminer.pdfinterp | WARNING | pdfinterp.py:831 | Cannot set gray non-stroke color because /'P1' is an invalid float value
2025-06-21 04:19:19,405 | pdfminer.pdfinterp | WARNING | pdfinterp.py:831 | Cannot set gray non-stroke color because /'P0' is an invalid float value
2025-06-21 04:19:19,489 | pdfminer.pdfinterp | WARNING | pdfinterp.py:831 | Cannot set gray non-stroke color because /'P0' is an invalid float value
2025-06-21 04:19:20,168 | pdfminer.pdfinterp | WARNING | pdfinterp.py:831 | Cannot set gray non-stroke color because /'P0' is an invalid float value
2025-06-21 04:19:20,898 | pdfminer.pdfinterp | WARNING | pdfinterp.py:831 | Cannot set gray non-stroke color because /'P0' is an invalid float value
2025-06-21 04:19:21,100 | pdfminer.pdfinterp | WARNING | pdfinterp.py:831 | Cannot set gray non-stroke color because /'P0' is an invalid float value
2025-06-21 04:19:21,441 | pdfminer.pdfinterp | WARNING | pdfinterp.py:831 | Cannot set gray non-stroke color because /'P0' is an invalid float value
2025-06-21 04:19:21,449 | pdfminer.pdfinterp | WARNING | pdfinterp.py:831 | Cannot set gray non-stroke color because /'P1' is an invalid float value
2025-06-21 04:19:21,645 | pdfminer.pdfinterp | WARNING | pdfinterp.py:831 | Cannot set gray non-stroke color because /'P0' is an invalid float value
2025-06-21 04:19:21,659 | pdfminer.pdfinterp | WARNING | pdfinterp.py:831 | Cannot set gray non-stroke color because /'P1' is an invalid float value
2025-06-21 04:19:21,839 | pdfminer.pdfinterp | WARNING | pdfinterp.py:831 | Cannot set gray non-stroke color because /'P0' is an invalid float value
2025-06-21 04:19:22,280 | pdfminer.pdfinterp | WARNING | pdfinterp.py:831 | Cannot set gray non-stroke color because /'P0' is an invalid float value
2025-06-21 04:19:22,554 | pdfminer.pdfinterp | WARNING | pdfinterp.py:831 | Cannot set gray non-stroke color because /'P0' is an invalid float value
2025-06-21 04:19:22,554 | pdfminer.pdfinterp | WARNING | pdfinterp.py:831 | Cannot set gray non-stroke color because /'P1' is an invalid float value
2025-06-21 04:19:23,285 | pdfminer.pdfinterp | WARNING | pdfinterp.py:831 | Cannot set gray non-stroke color because /'P0' is an invalid float value
2025-06-21 04:19:24,318 | pdfminer.pdfinterp | WARNING | pdfinterp.py:831 | Cannot set gray non-stroke color because /'P0' is an invalid float value
2025-06-21 04:19:24,321 | pdfminer.pdfinterp | WARNING | pdfinterp.py:831 | Cannot set gray non-stroke color because /'P1' is an invalid float value
2025-06-21 04:19:24,324 | pdfminer.pdfinterp | WARNING | pdfinterp.py:831 | Cannot set gray non-stroke color because /'P2' is an invalid float value
2025-06-21 04:19:24,428 | pdfminer.pdfinterp | WARNING | pdfinterp.py:831 | Cannot set gray non-stroke color because /'P0' is an invalid float value
2025-06-21 04:19:24,430 | pdfminer.pdfinterp | WARNING | pdfinterp.py:831 | Cannot set gray non-stroke color because /'P1' is an invalid float value
2025-06-21 04:19:24,432 | pdfminer.pdfinterp | WARNING | pdfinterp.py:831 | Cannot set gray non-stroke color because /'P2' is an invalid float value
2025-06-21 04:19:24,433 | pdfminer.pdfinterp | WARNING | pdfinterp.py:831 | Cannot set gray non-stroke color because /'P3' is an invalid float value
2025-06-21 04:19:24,532 | pdfminer.pdfinterp | WARNING | pdfinterp.py:831 | Cannot set gray non-stroke color because /'P0' is an invalid float value
2025-06-21 04:19:24,881 | pdfminer.pdfinterp | WARNING | pdfinterp.py:831 | Cannot set gray non-stroke color because /'P0' is an invalid float value
2025-06-21 04:19:24,973 | pdfminer.pdfinterp | WARNING | pdfinterp.py:831 | Cannot set gray non-stroke color because /'P0' is an invalid float value
2025-06-21 04:19:25,077 | pdfminer.pdfinterp | WARNING | pdfinterp.py:831 | Cannot set gray non-stroke color because /'P0' is an invalid float value
2025-06-21 04:19:25,366 | pdfminer.pdfinterp | WARNING | pdfinterp.py:831 | Cannot set gray non-stroke color because /'P0' is an invalid float value
2025-06-21 04:19:25,369 | pdfminer.pdfinterp | WARNING | pdfinterp.py:831 | Cannot set gray non-stroke color because /'P1' is an invalid float value
2025-06-21 04:19:25,699 | pdfminer.pdfinterp | WARNING | pdfinterp.py:831 | Cannot set gray non-stroke color because /'P0' is an invalid float value
2025-06-21 04:19:25,791 | pdfminer.pdfinterp | WARNING | pdfinterp.py:831 | Cannot set gray non-stroke color because /'P0' is an invalid float value
2025-06-21 04:19:25,793 | pdfminer.pdfinterp | WARNING | pdfinterp.py:831 | Cannot set gray non-stroke color because /'P1' is an invalid float value
2025-06-21 04:19:25,888 | pdfminer.pdfinterp | WARNING | pdfinterp.py:831 | Cannot set gray non-stroke color because /'P0' is an invalid float value
2025-06-21 04:19:25,984 | pdfminer.pdfinterp | WARNING | pdfinterp.py:831 | Cannot set gray non-stroke color because /'P0' is an invalid float value
2025-06-21 04:19:26,700 | pdfminer.pdfinterp | WARNING | pdfinterp.py:831 | Cannot set gray non-stroke color because /'P0' is an invalid float value
2025-06-21 04:19:27,257 | pdfminer.pdfinterp | WARNING | pdfinterp.py:831 | Cannot set gray non-stroke color because /'P0' is an invalid float value
2025-06-21 04:19:27,376 | pdfminer.pdfinterp | WARNING | pdfinterp.py:831 | Cannot set gray non-stroke color because /'P0' is an invalid float value
2025-06-21 04:19:27,804 | pdfminer.pdfinterp | WARNING | pdfinterp.py:831 | Cannot set gray non-stroke color because /'P0' is an invalid float value
2025-06-21 04:19:27,806 | pdfminer.pdfinterp | WARNING | pdfinterp.py:831 | Cannot set gray non-stroke color because /'P1' is an invalid float value
2025-06-21 04:19:27,808 | pdfminer.pdfinterp | WARNING | pdfinterp.py:831 | Cannot set gray non-stroke color because /'P2' is an invalid float value
2025-06-21 04:19:27,809 | pdfminer.pdfinterp | WARNING | pdfinterp.py:831 | Cannot set gray non-stroke color because /'P3' is an invalid float value
2025-06-21 04:19:28,097 | pdfminer.pdfinterp | WARNING | pdfinterp.py:831 | Cannot set gray non-stroke color because /'P0' is an invalid float value
2025-06-21 04:19:28,099 | pdfminer.pdfinterp | WARNING | pdfinterp.py:831 | Cannot set gray non-stroke color because /'P1' is an invalid float value
2025-06-21 04:19:28,103 | pdfminer.pdfinterp | WARNING | pdfinterp.py:831 | Cannot set gray non-stroke color because /'P2' is an invalid float value
2025-06-21 04:19:28,431 | pdfminer.pdfinterp | WARNING | pdfinterp.py:831 | Cannot set gray non-stroke color because /'P0' is an invalid float value
2025-06-21 04:19:28,633 | pdfminer.pdfinterp | WARNING | pdfinterp.py:831 | Cannot set gray non-stroke color because /'P0' is an invalid float value
2025-06-21 04:19:28,740 | pdfminer.pdfinterp | WARNING | pdfinterp.py:831 | Cannot set gray non-stroke color because /'P0' is an invalid float value
2025-06-21 04:19:29,359 | pdfminer.pdfinterp | WARNING | pdfinterp.py:831 | Cannot set gray non-stroke color because /'P0' is an invalid float value
2025-06-21 04:19:30,178 | pdfminer.pdfinterp | WARNING | pdfinterp.py:831 | Cannot set gray non-stroke color because /'P0' is an invalid float value
2025-06-21 04:19:30,875 | pdfminer.pdfinterp | WARNING | pdfinterp.py:831 | Cannot set gray non-stroke color because /'P0' is an invalid float value
2025-06-21 04:19:31,097 | pdfminer.pdfinterp | WARNING | pdfinterp.py:831 | Cannot set gray non-stroke color because /'P0' is an invalid float value
2025-06-21 04:19:32,052 | pdfminer.pdfinterp | WARNING | pdfinterp.py:831 | Cannot set gray non-stroke color because /'P0' is an invalid float value
2025-06-21 04:19:33,369 | pdfminer.pdfinterp | WARNING | pdfinterp.py:831 | Cannot set gray non-stroke color because /'P0' is an invalid float value
2025-06-21 04:19:33,990 | pdfminer.pdfinterp | WARNING | pdfinterp.py:831 | Cannot set gray non-stroke color because /'P0' is an invalid float value
2025-06-21 04:19:34,683 | pdfminer.pdfinterp | WARNING | pdfinterp.py:831 | Cannot set gray non-stroke color because /'P0' is an invalid float value
2025-06-21 04:19:34,683 | pdfminer.pdfinterp | WARNING | pdfinterp.py:831 | Cannot set gray non-stroke color because /'P1' is an invalid float value
2025-06-21 04:19:35,445 | pdfminer.pdfinterp | WARNING | pdfinterp.py:831 | Cannot set gray non-stroke color because /'P0' is an invalid float value
2025-06-21 04:19:36,644 | pdfminer.pdfinterp | WARNING | pdfinterp.py:831 | Cannot set gray non-stroke color because /'P0' is an invalid float value
2025-06-21 04:19:36,646 | pdfminer.pdfinterp | WARNING | pdfinterp.py:831 | Cannot set gray non-stroke color because /'P1' is an invalid float value
2025-06-21 04:19:37,487 | pdfminer.pdfinterp | WARNING | pdfinterp.py:831 | Cannot set gray non-stroke color because /'P0' is an invalid float value
2025-06-21 04:19:37,681 | pdfminer.pdfinterp | WARNING | pdfinterp.py:831 | Cannot set gray non-stroke color because /'P0' is an invalid float value
2025-06-21 04:19:37,684 | pdfminer.pdfinterp | WARNING | pdfinterp.py:831 | Cannot set gray non-stroke color because /'P1' is an invalid float value
2025-06-21 04:19:37,691 | pdfminer.pdfinterp | WARNING | pdfinterp.py:831 | Cannot set gray non-stroke color because /'P2' is an invalid float value
2025-06-21 04:19:39,392 | pdfminer.pdfinterp | WARNING | pdfinterp.py:831 | Cannot set gray non-stroke color because /'P0' is an invalid float value
2025-06-21 04:19:39,392 | pdfminer.pdfinterp | WARNING | pdfinterp.py:831 | Cannot set gray non-stroke color because /'P1' is an invalid float value
2025-06-21 04:19:39,727 | pdfminer.pdfinterp | WARNING | pdfinterp.py:831 | Cannot set gray non-stroke color because /'P0' is an invalid float value
2025-06-21 04:19:40,205 | pdfminer.pdfinterp | WARNING | pdfinterp.py:831 | Cannot set gray non-stroke color because /'P0' is an invalid float value
2025-06-21 04:19:41,752 | pdfminer.pdfinterp | WARNING | pdfinterp.py:831 | Cannot set gray non-stroke color because /'P0' is an invalid float value
2025-06-21 04:19:41,850 | pdfminer.pdfinterp | WARNING | pdfinterp.py:831 | Cannot set gray non-stroke color because /'P0' is an invalid float value
2025-06-21 04:19:41,854 | pdfminer.pdfinterp | WARNING | pdfinterp.py:831 | Cannot set gray non-stroke color because /'P1' is an invalid float value
2025-06-21 04:19:41,856 | pdfminer.pdfinterp | WARNING | pdfinterp.py:831 | Cannot set gray non-stroke color because /'P2' is an invalid float value
2025-06-21 04:19:42,356 | pdfminer.pdfinterp | WARNING | pdfinterp.py:831 | Cannot set gray non-stroke color because /'P0' is an invalid float value
2025-06-21 04:19:42,978 | pdfminer.pdfinterp | WARNING | pdfinterp.py:831 | Cannot set gray non-stroke color because /'P0' is an invalid float value
2025-06-21 04:19:43,358 | pdfminer.pdfinterp | WARNING | pdfinterp.py:831 | Cannot set gray non-stroke color because /'P0' is an invalid float value
2025-06-21 04:19:44,046 | pdfminer.pdfinterp | WARNING | pdfinterp.py:831 | Cannot set gray non-stroke color because /'P0' is an invalid float value
2025-06-21 04:19:44,377 | pdfminer.pdfinterp | WARNING | pdfinterp.py:831 | Cannot set gray non-stroke color because /'P0' is an invalid float value
2025-06-21 04:19:44,466 | pdfminer.pdfinterp | WARNING | pdfinterp.py:831 | Cannot set gray non-stroke color because /'P0' is an invalid float value
2025-06-21 04:19:44,571 | pdfminer.pdfinterp | WARNING | pdfinterp.py:831 | Cannot set gray non-stroke color because /'P0' is an invalid float value
2025-06-21 04:19:44,675 | pdfminer.pdfinterp | WARNING | pdfinterp.py:831 | Cannot set gray non-stroke color because /'P0' is an invalid float value
2025-06-21 04:19:44,779 | pdfminer.pdfinterp | WARNING | pdfinterp.py:831 | Cannot set gray non-stroke color because /'P0' is an invalid float value
2025-06-21 04:19:45,018 | pdfminer.pdfinterp | WARNING | pdfinterp.py:831 | Cannot set gray non-stroke color because /'P0' is an invalid float value
2025-06-21 04:19:45,122 | pdfminer.pdfinterp | WARNING | pdfinterp.py:831 | Cannot set gray non-stroke color because /'P0' is an invalid float value
2025-06-21 04:19:45,225 | pdfminer.pdfinterp | WARNING | pdfinterp.py:831 | Cannot set gray non-stroke color because /'P0' is an invalid float value
2025-06-21 04:19:45,328 | pdfminer.pdfinterp | WARNING | pdfinterp.py:831 | Cannot set gray non-stroke color because /'P0' is an invalid float value
2025-06-21 04:19:45,432 | pdfminer.pdfinterp | WARNING | pdfinterp.py:831 | Cannot set gray non-stroke color because /'P0' is an invalid float value
2025-06-21 04:19:45,535 | pdfminer.pdfinterp | WARNING | pdfinterp.py:831 | Cannot set gray non-stroke color because /'P0' is an invalid float value
2025-06-21 04:19:45,774 | pdfminer.pdfinterp | WARNING | pdfinterp.py:831 | Cannot set gray non-stroke color because /'P0' is an invalid float value
2025-06-21 04:19:45,878 | pdfminer.pdfinterp | WARNING | pdfinterp.py:831 | Cannot set gray non-stroke color because /'P0' is an invalid float value
2025-06-21 04:19:45,982 | pdfminer.pdfinterp | WARNING | pdfinterp.py:831 | Cannot set gray non-stroke color because /'P0' is an invalid float value
2025-06-21 04:19:46,085 | pdfminer.pdfinterp | WARNING | pdfinterp.py:831 | Cannot set gray non-stroke color because /'P0' is an invalid float value
2025-06-21 04:19:46,188 | pdfminer.pdfinterp | WARNING | pdfinterp.py:831 | Cannot set gray non-stroke color because /'P0' is an invalid float value
2025-06-21 04:19:46,289 | pdfminer.pdfinterp | WARNING | pdfinterp.py:831 | Cannot set gray non-stroke color because /'P0' is an invalid float value
2025-06-21 04:19:46,526 | pdfminer.pdfinterp | WARNING | pdfinterp.py:831 | Cannot set gray non-stroke color because /'P0' is an invalid float value
2025-06-21 04:19:46,625 | pdfminer.pdfinterp | WARNING | pdfinterp.py:831 | Cannot set gray non-stroke color because /'P0' is an invalid float value
2025-06-21 04:19:46,725 | pdfminer.pdfinterp | WARNING | pdfinterp.py:831 | Cannot set gray non-stroke color because /'P0' is an invalid float value
2025-06-21 04:19:46,821 | pdfminer.pdfinterp | WARNING | pdfinterp.py:831 | Cannot set gray non-stroke color because /'P0' is an invalid float value
2025-06-21 04:19:46,915 | pdfminer.pdfinterp | WARNING | pdfinterp.py:831 | Cannot set gray non-stroke color because /'P0' is an invalid float value
2025-06-21 04:19:47,009 | pdfminer.pdfinterp | WARNING | pdfinterp.py:831 | Cannot set gray non-stroke color because /'P0' is an invalid float value
2025-06-21 04:19:47,234 | pdfminer.pdfinterp | WARNING | pdfinterp.py:831 | Cannot set gray non-stroke color because /'P0' is an invalid float value
2025-06-21 04:19:47,329 | pdfminer.pdfinterp | WARNING | pdfinterp.py:831 | Cannot set gray non-stroke color because /'P0' is an invalid float value
2025-06-21 04:19:47,424 | pdfminer.pdfinterp | WARNING | pdfinterp.py:831 | Cannot set gray non-stroke color because /'P0' is an invalid float value
2025-06-21 04:19:47,516 | pdfminer.pdfinterp | WARNING | pdfinterp.py:831 | Cannot set gray non-stroke color because /'P0' is an invalid float value
2025-06-21 04:19:47,609 | pdfminer.pdfinterp | WARNING | pdfinterp.py:831 | Cannot set gray non-stroke color because /'P0' is an invalid float value
2025-06-21 04:19:47,701 | pdfminer.pdfinterp | WARNING | pdfinterp.py:831 | Cannot set gray non-stroke color because /'P0' is an invalid float value
2025-06-21 04:19:47,926 | pdfminer.pdfinterp | WARNING | pdfinterp.py:831 | Cannot set gray non-stroke color because /'P0' is an invalid float value
2025-06-21 04:19:48,016 | pdfminer.pdfinterp | WARNING | pdfinterp.py:831 | Cannot set gray non-stroke color because /'P0' is an invalid float value
2025-06-21 04:19:49,458 | pdfminer.pdfinterp | WARNING | pdfinterp.py:831 | Cannot set gray non-stroke color because /'Pattern0' is an invalid float value
2025-06-21 04:19:49,476 | camelot | INFO | lattice.py:407 | Processing page-1
2025-06-21 04:19:49,504 | pynucleus.rag.document_processor | ERROR | document_processor.py:466 | Failed to extract tables from data/01_raw/source_documents/Engineering-Economy.pdf: Ghostscript is not installed. You can install it using the instructions here: https://camelot-py.readthedocs.io/en/master/user/install-deps.html
2025-06-21 04:19:52,198 | camelot | INFO | lattice.py:407 | Processing page-1
2025-06-21 04:19:52,200 | pynucleus.rag.document_processor | ERROR | document_processor.py:466 | Failed to extract tables from data/01_raw/source_documents/Modular Chemical Plant Development Guide.pdf: Ghostscript is not installed. You can install it using the instructions here: https://camelot-py.readthedocs.io/en/master/user/install-deps.html
2025-06-21 04:19:53,342 | camelot | INFO | lattice.py:407 | Processing page-1
2025-06-21 04:19:53,344 | pynucleus.rag.document_processor | ERROR | document_processor.py:466 | Failed to extract tables from data/01_raw/source_documents/Modular Chemical Plant Feasibility Parameters.pdf: Ghostscript is not installed. You can install it using the instructions here: https://camelot-py.readthedocs.io/en/master/user/install-deps.html
2025-06-21 04:19:58,233 | pdfminer.pdfinterp | WARNING | pdfinterp.py:831 | Cannot set gray non-stroke color because /'P1' is an invalid float value
2025-06-21 04:20:10,352 | pdfminer.pdfinterp | WARNING | pdfinterp.py:831 | Cannot set gray non-stroke color because /'P2' is an invalid float value
2025-06-21 04:20:10,353 | pdfminer.pdfinterp | WARNING | pdfinterp.py:831 | Cannot set gray non-stroke color because /'P3' is an invalid float value
2025-06-21 04:20:10,371 | pdfminer.pdfinterp | WARNING | pdfinterp.py:831 | Cannot set gray non-stroke color because /'P4' is an invalid float value
2025-06-21 04:20:18,519 | pdfminer.pdfinterp | WARNING | pdfinterp.py:831 | Cannot set gray non-stroke color because /'P5' is an invalid float value
2025-06-21 04:20:18,523 | pdfminer.pdfinterp | WARNING | pdfinterp.py:831 | Cannot set gray non-stroke color because /'P6' is an invalid float value
2025-06-21 04:20:18,841 | pdfminer.pdfinterp | WARNING | pdfinterp.py:831 | Cannot set gray non-stroke color because /'P7' is an invalid float value
2025-06-21 04:20:22,581 | pdfminer.pdfinterp | WARNING | pdfinterp.py:831 | Cannot set gray non-stroke color because /'P8' is an invalid float value
2025-06-21 04:20:22,582 | pdfminer.pdfinterp | WARNING | pdfinterp.py:831 | Cannot set gray non-stroke color because /'P8' is an invalid float value
2025-06-21 04:20:22,582 | pdfminer.pdfinterp | WARNING | pdfinterp.py:831 | Cannot set gray non-stroke color because /'P9' is an invalid float value
2025-06-21 04:20:35,275 | camelot | INFO | lattice.py:407 | Processing page-1
2025-06-21 04:20:35,290 | pynucleus.rag.document_processor | ERROR | document_processor.py:466 | Failed to extract tables from data/01_raw/source_documents/20180329160017017.pdf: Ghostscript is not installed. You can install it using the instructions here: https://camelot-py.readthedocs.io/en/master/user/install-deps.html
2025-06-21 04:26:26,304 | camelot | INFO | lattice.py:407 | Processing page-1
2025-06-21 04:26:26,326 | camelot | INFO | lattice.py:407 | Processing page-2
2025-06-21 04:26:26,370 | pynucleus.rag.document_processor | ERROR | document_processor.py:466 | Failed to extract tables from data/01_raw/source_documents/J.M. Smith, Hendrick Van Ness, Michael Abbott, Mark Swihart - Introduction to Chemical Engineering Thermodynamics-McGraw-Hill Education (2018).pdf: Ghostscript is not installed. You can install it using the instructions here: https://camelot-py.readthedocs.io/en/master/user/install-deps.html
2025-06-21 04:26:26,435 | pynucleus | INFO | collector.py:191 | Enhanced ingestion completed:
2025-06-21 04:26:26,435 | pynucleus | INFO | collector.py:192 |   - Total chunks ingested: 7
2025-06-21 04:26:26,435 | pynucleus | INFO | collector.py:193 |   - Files processed successfully: 7
2025-06-21 04:26:26,435 | pynucleus | INFO | collector.py:194 |   - Files failed: 1
2025-06-21 04:26:26,435 | pynucleus | INFO | collector.py:195 |   - Enhanced metadata fields: section_header, document_type, chunk_type, readability_score, etc.
2025-06-21 04:26:26,435 | werkzeug | INFO | _internal.py:97 | 127.0.0.1 - - [21/Jun/2025 04:26:26] "POST /refresh_vectordb HTTP/1.1" 200 -
2025-06-21 04:30:54,125 | pynucleus.api.app | INFO | app.py:83 | Health check requested
2025-06-21 04:30:54,126 | werkzeug | INFO | _internal.py:97 | 127.0.0.1 - - [21/Jun/2025 04:30:54] "GET /health HTTP/1.1" 200 -
2025-06-21 04:30:54,127 | pynucleus.api.app | INFO | app.py:164 | Processing question: test...
2025-06-21 04:30:54,230 | pynucleus.rag.vector_store | INFO | vector_store.py:712 | ChromaDB search for 'test...' returned 5 results
2025-06-21 04:30:57,092 | pynucleus | WARNING | model_loader.py:80 | Model generation failed: Empty or too short response. Using fallback.
2025-06-21 04:30:57,092 | pynucleus.api.app | INFO | app.py:189 | Question processed successfully in 2.96s
2025-06-21 04:30:57,092 | werkzeug | INFO | _internal.py:97 | 127.0.0.1 - - [21/Jun/2025 04:30:57] "POST /ask HTTP/1.1" 200 -
2025-06-21 04:31:35,029 | pynucleus.api.app | INFO | app.py:83 | Health check requested
2025-06-21 04:31:35,030 | werkzeug | INFO | _internal.py:97 | 127.0.0.1 - - [21/Jun/2025 04:31:35] "GET /health HTTP/1.1" 200 -
2025-06-21 04:31:35,031 | pynucleus.api.app | INFO | app.py:164 | Processing question: test...
2025-06-21 04:31:35,127 | pynucleus.rag.vector_store | INFO | vector_store.py:712 | ChromaDB search for 'test...' returned 5 results
2025-06-21 04:31:35,154 | pynucleus | WARNING | model_loader.py:80 | Model generation failed: Empty or too short response. Using fallback.
2025-06-21 04:31:35,155 | pynucleus.api.app | INFO | app.py:189 | Question processed successfully in 0.12s
2025-06-21 04:31:35,155 | werkzeug | INFO | _internal.py:97 | 127.0.0.1 - - [21/Jun/2025 04:31:35] "POST /ask HTTP/1.1" 200 -
2025-06-21 04:31:54,455 | pynucleus.api.app | INFO | app.py:83 | Health check requested
2025-06-21 04:31:54,455 | werkzeug | INFO | _internal.py:97 | 127.0.0.1 - - [21/Jun/2025 04:31:54] "GET /health HTTP/1.1" 200 -
2025-06-21 04:31:54,456 | pynucleus.api.app | INFO | app.py:164 | Processing question: test...
2025-06-21 04:31:54,555 | pynucleus.rag.vector_store | INFO | vector_store.py:712 | ChromaDB search for 'test...' returned 5 results
2025-06-21 04:31:54,580 | pynucleus | WARNING | model_loader.py:80 | Model generation failed: Empty or too short response. Using fallback.
2025-06-21 04:31:54,580 | pynucleus.api.app | INFO | app.py:189 | Question processed successfully in 0.12s
2025-06-21 04:31:54,581 | werkzeug | INFO | _internal.py:97 | 127.0.0.1 - - [21/Jun/2025 04:31:54] "POST /ask HTTP/1.1" 200 -
2025-06-21 04:32:30,369 | werkzeug | INFO | _internal.py:97 | 127.0.0.1 - - [21/Jun/2025 04:32:30] "[36mGET / HTTP/1.1[0m" 304 -
2025-06-21 04:32:30,994 | pynucleus.rag.vector_store | INFO | vector_store.py:712 | ChromaDB search for 'test...' returned 1 results
2025-06-21 04:32:30,994 | pynucleus | WARNING | engine.py:144 | ChromaVectorStore retrieval failed, falling back to direct collection query: 'list' object has no attribute 'get'
2025-06-21 04:32:31,228 | pynucleus.rag.vector_store | INFO | vector_store.py:712 | ChromaDB search for '...' returned 1000 results
2025-06-21 04:32:31,228 | pynucleus | WARNING | engine.py:144 | ChromaVectorStore retrieval failed, falling back to direct collection query: 'list' object has no attribute 'get'
2025-06-21 04:32:31,326 | werkzeug | INFO | _internal.py:97 | 127.0.0.1 - - [21/Jun/2025 04:32:31] "GET /status HTTP/1.1" 200 -
2025-06-21 04:32:40,182 | pynucleus.rag.vector_store | INFO | vector_store.py:712 | ChromaDB search for 'test...' returned 1 results
2025-06-21 04:32:40,182 | pynucleus | WARNING | engine.py:144 | ChromaVectorStore retrieval failed, falling back to direct collection query: 'list' object has no attribute 'get'
2025-06-21 04:32:40,364 | pynucleus.rag.vector_store | INFO | vector_store.py:712 | ChromaDB search for '...' returned 1000 results
2025-06-21 04:32:40,364 | pynucleus | WARNING | engine.py:144 | ChromaVectorStore retrieval failed, falling back to direct collection query: 'list' object has no attribute 'get'
2025-06-21 04:32:40,454 | werkzeug | INFO | _internal.py:97 | 127.0.0.1 - - [21/Jun/2025 04:32:40] "GET /status HTTP/1.1" 200 -
2025-06-21 04:32:48,816 | pynucleus.api.app | INFO | app.py:83 | Health check requested
2025-06-21 04:32:48,817 | werkzeug | INFO | _internal.py:97 | 127.0.0.1 - - [21/Jun/2025 04:32:48] "GET /health HTTP/1.1" 200 -
2025-06-21 04:33:01,099 | pynucleus.rag.vector_store | INFO | vector_store.py:712 | ChromaDB search for 'test...' returned 1 results
2025-06-21 04:33:01,099 | pynucleus | WARNING | engine.py:144 | ChromaVectorStore retrieval failed, falling back to direct collection query: 'list' object has no attribute 'get'
2025-06-21 04:33:01,273 | pynucleus.rag.vector_store | INFO | vector_store.py:712 | ChromaDB search for '...' returned 1000 results
2025-06-21 04:33:01,273 | pynucleus | WARNING | engine.py:144 | ChromaVectorStore retrieval failed, falling back to direct collection query: 'list' object has no attribute 'get'
2025-06-21 04:33:01,363 | werkzeug | INFO | _internal.py:97 | 127.0.0.1 - - [21/Jun/2025 04:33:01] "GET /status HTTP/1.1" 200 -
2025-06-21 04:33:21,701 | pynucleus.api.app | INFO | app.py:382 | Running system diagnostic
2025-06-21 04:33:31,305 | pynucleus.rag.vector_store | INFO | vector_store.py:712 | ChromaDB search for 'test...' returned 1 results
2025-06-21 04:33:31,305 | pynucleus | WARNING | engine.py:144 | ChromaVectorStore retrieval failed, falling back to direct collection query: 'list' object has no attribute 'get'
2025-06-21 04:33:31,681 | pynucleus.rag.vector_store | INFO | vector_store.py:712 | ChromaDB search for '...' returned 1000 results
2025-06-21 04:33:31,681 | pynucleus | WARNING | engine.py:144 | ChromaVectorStore retrieval failed, falling back to direct collection query: 'list' object has no attribute 'get'
2025-06-21 04:33:31,821 | werkzeug | INFO | _internal.py:97 | 127.0.0.1 - - [21/Jun/2025 04:33:31] "GET /status HTTP/1.1" 200 -
2025-06-21 04:33:40,298 | pynucleus.api.app | INFO | app.py:83 | Health check requested
2025-06-21 04:33:40,298 | werkzeug | INFO | _internal.py:97 | 127.0.0.1 - - [21/Jun/2025 04:33:40] "GET /health HTTP/1.1" 200 -
2025-06-21 04:33:40,299 | pynucleus.api.app | INFO | app.py:164 | Processing question: test...
2025-06-21 04:33:40,391 | pynucleus.rag.vector_store | INFO | vector_store.py:712 | ChromaDB search for 'test...' returned 5 results
2025-06-21 04:33:40,483 | pynucleus | WARNING | model_loader.py:80 | Model generation failed: Empty or too short response. Using fallback.
2025-06-21 04:33:40,484 | pynucleus.api.app | INFO | app.py:189 | Question processed successfully in 0.18s
2025-06-21 04:33:40,484 | werkzeug | INFO | _internal.py:97 | 127.0.0.1 - - [21/Jun/2025 04:33:40] "POST /ask HTTP/1.1" 200 -
2025-06-21 04:33:41,573 | pynucleus.api.app | INFO | app.py:418 | System diagnostic completed with return code 1
2025-06-21 04:33:41,574 | werkzeug | INFO | _internal.py:97 | 127.0.0.1 - - [21/Jun/2025 04:33:41] "GET /system_diagnostic HTTP/1.1" 200 -
2025-06-21 04:33:54,497 | werkzeug | INFO | _internal.py:97 | 127.0.0.1 - - [21/Jun/2025 04:33:54] "GET /dev HTTP/1.1" 200 -
2025-06-21 04:34:01,312 | pynucleus.rag.vector_store | INFO | vector_store.py:712 | ChromaDB search for 'test...' returned 1 results
2025-06-21 04:34:01,312 | pynucleus | WARNING | engine.py:144 | ChromaVectorStore retrieval failed, falling back to direct collection query: 'list' object has no attribute 'get'
2025-06-21 04:34:01,499 | pynucleus.rag.vector_store | INFO | vector_store.py:712 | ChromaDB search for '...' returned 1000 results
2025-06-21 04:34:01,499 | pynucleus | WARNING | engine.py:144 | ChromaVectorStore retrieval failed, falling back to direct collection query: 'list' object has no attribute 'get'
2025-06-21 04:34:01,631 | werkzeug | INFO | _internal.py:97 | 127.0.0.1 - - [21/Jun/2025 04:34:01] "GET /status HTTP/1.1" 200 -
2025-06-21 04:34:08,161 | pynucleus.api.app | WARNING | app.py:151 | Ask request with non-JSON content type
2025-06-21 04:34:08,162 | werkzeug | INFO | _internal.py:97 | 127.0.0.1 - - [21/Jun/2025 04:34:08] "[31m[1mPOST /ask HTTP/1.1[0m" 400 -
2025-06-21 04:34:14,112 | pynucleus.api.app | WARNING | app.py:151 | Ask request with non-JSON content type
2025-06-21 04:34:14,112 | werkzeug | INFO | _internal.py:97 | 127.0.0.1 - - [21/Jun/2025 04:34:14] "[31m[1mPOST /ask HTTP/1.1[0m" 400 -
2025-06-21 04:34:31,387 | pynucleus.rag.vector_store | INFO | vector_store.py:712 | ChromaDB search for 'test...' returned 1 results
2025-06-21 04:34:31,387 | pynucleus | WARNING | engine.py:144 | ChromaVectorStore retrieval failed, falling back to direct collection query: 'list' object has no attribute 'get'
2025-06-21 04:34:31,565 | pynucleus.rag.vector_store | INFO | vector_store.py:712 | ChromaDB search for '...' returned 1000 results
2025-06-21 04:34:31,565 | pynucleus | WARNING | engine.py:144 | ChromaVectorStore retrieval failed, falling back to direct collection query: 'list' object has no attribute 'get'
2025-06-21 04:34:31,656 | werkzeug | INFO | _internal.py:97 | 127.0.0.1 - - [21/Jun/2025 04:34:31] "GET /status HTTP/1.1" 200 -
2025-06-21 04:34:40,792 | pynucleus.api.app | WARNING | app.py:151 | Ask request with non-JSON content type
2025-06-21 04:34:40,792 | werkzeug | INFO | _internal.py:97 | 127.0.0.1 - - [21/Jun/2025 04:34:40] "[31m[1mPOST /ask HTTP/1.1[0m" 400 -
2025-06-21 04:35:01,466 | pynucleus.api.app | WARNING | app.py:151 | Ask request with non-JSON content type
2025-06-21 04:35:01,467 | werkzeug | INFO | _internal.py:97 | 127.0.0.1 - - [21/Jun/2025 04:35:01] "[31m[1mPOST /ask HTTP/1.1[0m" 400 -
2025-06-21 04:35:01,511 | pynucleus.rag.vector_store | INFO | vector_store.py:712 | ChromaDB search for 'test...' returned 1 results
2025-06-21 04:35:01,511 | pynucleus | WARNING | engine.py:144 | ChromaVectorStore retrieval failed, falling back to direct collection query: 'list' object has no attribute 'get'
2025-06-21 04:35:01,692 | pynucleus.rag.vector_store | INFO | vector_store.py:712 | ChromaDB search for '...' returned 1000 results
2025-06-21 04:35:01,692 | pynucleus | WARNING | engine.py:144 | ChromaVectorStore retrieval failed, falling back to direct collection query: 'list' object has no attribute 'get'
2025-06-21 04:35:01,780 | werkzeug | INFO | _internal.py:97 | 127.0.0.1 - - [21/Jun/2025 04:35:01] "GET /status HTTP/1.1" 200 -
2025-06-21 04:35:30,735 | pynucleus.api.app | WARNING | app.py:151 | Ask request with non-JSON content type
2025-06-21 04:35:30,736 | werkzeug | INFO | _internal.py:97 | 127.0.0.1 - - [21/Jun/2025 04:35:30] "[31m[1mPOST /ask HTTP/1.1[0m" 400 -
2025-06-21 04:35:31,610 | pynucleus.rag.vector_store | INFO | vector_store.py:712 | ChromaDB search for 'test...' returned 1 results
2025-06-21 04:35:31,610 | pynucleus | WARNING | engine.py:144 | ChromaVectorStore retrieval failed, falling back to direct collection query: 'list' object has no attribute 'get'
2025-06-21 04:35:31,788 | pynucleus.rag.vector_store | INFO | vector_store.py:712 | ChromaDB search for '...' returned 1000 results
2025-06-21 04:35:31,788 | pynucleus | WARNING | engine.py:144 | ChromaVectorStore retrieval failed, falling back to direct collection query: 'list' object has no attribute 'get'
2025-06-21 04:35:31,878 | werkzeug | INFO | _internal.py:97 | 127.0.0.1 - - [21/Jun/2025 04:35:31] "GET /status HTTP/1.1" 200 -
2025-06-21 04:35:45,838 | werkzeug | INFO | _internal.py:97 | 127.0.0.1 - - [21/Jun/2025 04:35:45] "GET / HTTP/1.1" 200 -
2025-06-21 04:35:46,126 | pynucleus.rag.vector_store | INFO | vector_store.py:712 | ChromaDB search for 'test...' returned 1 results
2025-06-21 04:35:46,126 | pynucleus | WARNING | engine.py:144 | ChromaVectorStore retrieval failed, falling back to direct collection query: 'list' object has no attribute 'get'
2025-06-21 04:35:46,319 | pynucleus.rag.vector_store | INFO | vector_store.py:712 | ChromaDB search for '...' returned 1000 results
2025-06-21 04:35:46,319 | pynucleus | WARNING | engine.py:144 | ChromaVectorStore retrieval failed, falling back to direct collection query: 'list' object has no attribute 'get'
2025-06-21 04:35:46,407 | werkzeug | INFO | _internal.py:97 | 127.0.0.1 - - [21/Jun/2025 04:35:46] "GET /status HTTP/1.1" 200 -
2025-06-21 04:35:51,179 | pynucleus.rag.vector_store | INFO | vector_store.py:712 | ChromaDB search for 'test...' returned 1 results
2025-06-21 04:35:51,180 | pynucleus | WARNING | engine.py:144 | ChromaVectorStore retrieval failed, falling back to direct collection query: 'list' object has no attribute 'get'
2025-06-21 04:35:51,363 | pynucleus.rag.vector_store | INFO | vector_store.py:712 | ChromaDB search for '...' returned 1000 results
2025-06-21 04:35:51,363 | pynucleus | WARNING | engine.py:144 | ChromaVectorStore retrieval failed, falling back to direct collection query: 'list' object has no attribute 'get'
2025-06-21 04:35:51,452 | werkzeug | INFO | _internal.py:97 | 127.0.0.1 - - [21/Jun/2025 04:35:51] "GET /status HTTP/1.1" 200 -
2025-06-21 04:35:56,619 | pynucleus.api.app | INFO | app.py:265 | File uploaded to source_documents: 2007-natural-gas-processing-ehs-guidelines-en.pdf
2025-06-21 04:35:56,623 | pynucleus | INFO | collector.py:64 | ChromaDB client initialized successfully in collector
2025-06-21 04:35:56,628 | sentence_transformers.SentenceTransformer | INFO | SentenceTransformer.py:211 | Use pytorch device_name: mps
2025-06-21 04:35:56,628 | sentence_transformers.SentenceTransformer | INFO | SentenceTransformer.py:219 | Load pretrained SentenceTransformer: all-MiniLM-L6-v2
2025-06-21 04:35:57,474 | pynucleus | INFO | collector.py:113 | Found 9 files to ingest from data/01_raw/source_documents
2025-06-21 04:35:57,474 | pynucleus | INFO | collector.py:114 |   - 1 .txt files
2025-06-21 04:35:57,474 | pynucleus | INFO | collector.py:115 |   - 8 .pdf files
2025-06-21 04:35:57,474 | pynucleus | INFO | collector.py:116 |   - 0 .md files
2025-06-21 04:35:57,476 | pynucleus.rag.document_processor | ERROR | document_processor.py:83 | Failed to process document data/01_raw/source_documents/The Landscape of Modular Chemical Plants in Africa- Opportunities, Challenges, and Strategic Imperatives for Industrialization.txt: sequence item 0: expected str instance, dict found
2025-06-21 04:35:57,476 | pynucleus | WARNING | collector.py:128 | Document processor failed for data/01_raw/source_documents/The Landscape of Modular Chemical Plants in Africa- Opportunities, Challenges, and Strategic Imperatives for Industrialization.txt: sequence item 0: expected str instance, dict found
2025-06-21 04:36:10,429 | pynucleus.rag.vector_store | INFO | vector_store.py:712 | ChromaDB search for 'test...' returned 1 results
2025-06-21 04:36:10,429 | pynucleus | WARNING | engine.py:144 | ChromaVectorStore retrieval failed, falling back to direct collection query: 'list' object has no attribute 'get'
2025-06-21 04:36:10,676 | pynucleus.rag.vector_store | INFO | vector_store.py:712 | ChromaDB search for '...' returned 1000 results
2025-06-21 04:36:10,689 | pynucleus | WARNING | engine.py:144 | ChromaVectorStore retrieval failed, falling back to direct collection query: 'list' object has no attribute 'get'
2025-06-21 04:36:10,808 | werkzeug | INFO | _internal.py:97 | 127.0.0.1 - - [21/Jun/2025 04:36:10] "GET /status HTTP/1.1" 200 -
2025-06-21 04:36:11,987 | pynucleus.rag.vector_store | INFO | vector_store.py:712 | ChromaDB search for 'test...' returned 1 results
2025-06-21 04:36:11,987 | pynucleus | WARNING | engine.py:144 | ChromaVectorStore retrieval failed, falling back to direct collection query: 'list' object has no attribute 'get'
2025-06-21 04:36:12,176 | pynucleus.rag.vector_store | INFO | vector_store.py:712 | ChromaDB search for '...' returned 1000 results
2025-06-21 04:36:12,176 | pynucleus | WARNING | engine.py:144 | ChromaVectorStore retrieval failed, falling back to direct collection query: 'list' object has no attribute 'get'
2025-06-21 04:36:12,309 | werkzeug | INFO | _internal.py:97 | 127.0.0.1 - - [21/Jun/2025 04:36:12] "GET /status HTTP/1.1" 200 -
2025-06-21 04:36:13,161 | pynucleus.rag.vector_store | INFO | vector_store.py:712 | ChromaDB search for 'test...' returned 1 results
2025-06-21 04:36:13,161 | pynucleus | WARNING | engine.py:144 | ChromaVectorStore retrieval failed, falling back to direct collection query: 'list' object has no attribute 'get'
2025-06-21 04:36:13,367 | pynucleus.rag.vector_store | INFO | vector_store.py:712 | ChromaDB search for '...' returned 1000 results
2025-06-21 04:36:13,378 | pynucleus | WARNING | engine.py:144 | ChromaVectorStore retrieval failed, falling back to direct collection query: 'list' object has no attribute 'get'
2025-06-21 04:36:13,505 | werkzeug | INFO | _internal.py:97 | 127.0.0.1 - - [21/Jun/2025 04:36:13] "GET /status HTTP/1.1" 200 -
2025-06-21 04:36:16,127 | pynucleus.rag.vector_store | INFO | vector_store.py:712 | ChromaDB search for 'test...' returned 1 results
2025-06-21 04:36:16,127 | pynucleus | WARNING | engine.py:144 | ChromaVectorStore retrieval failed, falling back to direct collection query: 'list' object has no attribute 'get'
2025-06-21 04:36:16,383 | pynucleus.rag.vector_store | INFO | vector_store.py:712 | ChromaDB search for '...' returned 1000 results
2025-06-21 04:36:16,384 | pynucleus | WARNING | engine.py:144 | ChromaVectorStore retrieval failed, falling back to direct collection query: 'list' object has no attribute 'get'
2025-06-21 04:36:16,646 | werkzeug | INFO | _internal.py:97 | 127.0.0.1 - - [21/Jun/2025 04:36:16] "GET /status HTTP/1.1" 200 -
2025-06-21 04:36:17,481 | pynucleus.api.app | WARNING | app.py:151 | Ask request with non-JSON content type
2025-06-21 04:36:17,485 | werkzeug | INFO | _internal.py:97 | 127.0.0.1 - - [21/Jun/2025 04:36:17] "[31m[1mPOST /ask HTTP/1.1[0m" 400 -
2025-06-21 04:36:18,492 | pdfminer.pdfinterp | WARNING | pdfinterp.py:831 | Cannot set gray non-stroke color because /'P0' is an invalid float value
2025-06-21 04:36:18,493 | pdfminer.pdfinterp | WARNING | pdfinterp.py:831 | Cannot set gray non-stroke color because /'P0' is an invalid float value
2025-06-21 04:36:18,494 | pdfminer.pdfinterp | WARNING | pdfinterp.py:831 | Cannot set gray non-stroke color because /'P0' is an invalid float value
2025-06-21 04:36:18,494 | pdfminer.pdfinterp | WARNING | pdfinterp.py:831 | Cannot set gray non-stroke color because /'P0' is an invalid float value
2025-06-21 04:36:18,496 | pdfminer.pdfinterp | WARNING | pdfinterp.py:831 | Cannot set gray non-stroke color because /'P0' is an invalid float value
2025-06-21 04:36:22,355 | pynucleus.api.app | INFO | app.py:83 | Health check requested
2025-06-21 04:36:22,355 | werkzeug | INFO | _internal.py:97 | 127.0.0.1 - - [21/Jun/2025 04:36:22] "GET /health HTTP/1.1" 200 -
2025-06-21 04:36:26,136 | werkzeug | INFO | _internal.py:97 | 127.0.0.1 - - [21/Jun/2025 04:36:26] "GET / HTTP/1.1" 200 -
2025-06-21 04:36:26,361 | pynucleus.rag.vector_store | INFO | vector_store.py:712 | ChromaDB search for 'test...' returned 1 results
2025-06-21 04:36:26,361 | pynucleus | WARNING | engine.py:144 | ChromaVectorStore retrieval failed, falling back to direct collection query: 'list' object has no attribute 'get'
2025-06-21 04:36:26,737 | pynucleus.rag.vector_store | INFO | vector_store.py:712 | ChromaDB search for '...' returned 1000 results
2025-06-21 04:36:26,738 | pynucleus | WARNING | engine.py:144 | ChromaVectorStore retrieval failed, falling back to direct collection query: 'list' object has no attribute 'get'
2025-06-21 04:36:26,887 | werkzeug | INFO | _internal.py:97 | 127.0.0.1 - - [21/Jun/2025 04:36:26] "GET /status HTTP/1.1" 200 -
2025-06-21 04:36:33,221 | pynucleus.api.app | INFO | app.py:265 | File uploaded to source_documents: 2007-nitrogenous-fertilizers-ehs-guidelines-en.pdf
2025-06-21 04:36:33,222 | pynucleus | INFO | collector.py:64 | ChromaDB client initialized successfully in collector
2025-06-21 04:36:33,224 | sentence_transformers.SentenceTransformer | INFO | SentenceTransformer.py:211 | Use pytorch device_name: mps
2025-06-21 04:36:33,224 | sentence_transformers.SentenceTransformer | INFO | SentenceTransformer.py:219 | Load pretrained SentenceTransformer: all-MiniLM-L6-v2
2025-06-21 04:36:35,217 | pynucleus | INFO | collector.py:113 | Found 10 files to ingest from data/01_raw/source_documents
2025-06-21 04:36:35,217 | pynucleus | INFO | collector.py:114 |   - 1 .txt files
2025-06-21 04:36:35,217 | pynucleus | INFO | collector.py:115 |   - 9 .pdf files
2025-06-21 04:36:35,217 | pynucleus | INFO | collector.py:116 |   - 0 .md files
2025-06-21 04:36:35,219 | pynucleus.rag.document_processor | ERROR | document_processor.py:83 | Failed to process document data/01_raw/source_documents/The Landscape of Modular Chemical Plants in Africa- Opportunities, Challenges, and Strategic Imperatives for Industrialization.txt: sequence item 0: expected str instance, dict found
2025-06-21 04:36:35,219 | pynucleus | WARNING | collector.py:128 | Document processor failed for data/01_raw/source_documents/The Landscape of Modular Chemical Plants in Africa- Opportunities, Challenges, and Strategic Imperatives for Industrialization.txt: sequence item 0: expected str instance, dict found
2025-06-21 04:36:43,369 | pynucleus.api.app | WARNING | app.py:151 | Ask request with non-JSON content type
2025-06-21 04:36:43,369 | werkzeug | INFO | _internal.py:97 | 127.0.0.1 - - [21/Jun/2025 04:36:43] "[31m[1mPOST /ask HTTP/1.1[0m" 400 -
2025-06-21 04:36:50,708 | camelot | INFO | lattice.py:407 | Processing page-1
2025-06-21 04:36:50,761 | pynucleus.rag.document_processor | ERROR | document_processor.py:466 | Failed to extract tables from data/01_raw/source_documents/Engineering Economics and Economic Design for Process Engineers.pdf: Ghostscript is not installed. You can install it using the instructions here: https://camelot-py.readthedocs.io/en/master/user/install-deps.html
2025-06-21 04:36:51,079 | camelot | INFO | lattice.py:407 | Processing page-1
2025-06-21 04:36:51,080 | pynucleus.rag.document_processor | ERROR | document_processor.py:466 | Failed to extract tables from data/01_raw/source_documents/Process Simulation Specifications.pdf: Ghostscript is not installed. You can install it using the instructions here: https://camelot-py.readthedocs.io/en/master/user/install-deps.html
2025-06-21 04:36:52,058 | pdfminer.pdfinterp | WARNING | pdfinterp.py:831 | Cannot set gray non-stroke color because /'P0' is an invalid float value
2025-06-21 04:36:52,410 | pdfminer.pdfinterp | WARNING | pdfinterp.py:831 | Cannot set gray non-stroke color because /'P0' is an invalid float value
2025-06-21 04:36:52,867 | pdfminer.pdfinterp | WARNING | pdfinterp.py:831 | Cannot set gray non-stroke color because /'P0' is an invalid float value
2025-06-21 04:36:53,033 | pdfminer.pdfinterp | WARNING | pdfinterp.py:831 | Cannot set gray non-stroke color because /'P0' is an invalid float value
2025-06-21 04:36:53,211 | pdfminer.pdfinterp | WARNING | pdfinterp.py:831 | Cannot set gray non-stroke color because /'P0' is an invalid float value
2025-06-21 04:36:54,674 | pdfminer.pdfinterp | WARNING | pdfinterp.py:831 | Cannot set gray non-stroke color because /'P0' is an invalid float value
2025-06-21 04:36:54,857 | pdfminer.pdfinterp | WARNING | pdfinterp.py:831 | Cannot set gray non-stroke color because /'P0' is an invalid float value
2025-06-21 04:36:55,039 | pdfminer.pdfinterp | WARNING | pdfinterp.py:831 | Cannot set gray non-stroke color because /'P0' is an invalid float value
2025-06-21 04:36:56,017 | pdfminer.pdfinterp | WARNING | pdfinterp.py:831 | Cannot set gray non-stroke color because /'P0' is an invalid float value
2025-06-21 04:36:56,340 | pynucleus.rag.vector_store | INFO | vector_store.py:712 | ChromaDB search for 'test...' returned 1 results
2025-06-21 04:36:56,340 | pynucleus | WARNING | engine.py:144 | ChromaVectorStore retrieval failed, falling back to direct collection query: 'list' object has no attribute 'get'
2025-06-21 04:36:56,596 | pynucleus.rag.vector_store | INFO | vector_store.py:712 | ChromaDB search for '...' returned 1000 results
2025-06-21 04:36:56,596 | pynucleus | WARNING | engine.py:144 | ChromaVectorStore retrieval failed, falling back to direct collection query: 'list' object has no attribute 'get'
2025-06-21 04:36:56,709 | werkzeug | INFO | _internal.py:97 | 127.0.0.1 - - [21/Jun/2025 04:36:56] "GET /status HTTP/1.1" 200 -
2025-06-21 04:36:56,729 | pdfminer.pdfinterp | WARNING | pdfinterp.py:831 | Cannot set gray non-stroke color because /'P0' is an invalid float value
2025-06-21 04:36:58,633 | pdfminer.pdfinterp | WARNING | pdfinterp.py:831 | Cannot set gray non-stroke color because /'P0' is an invalid float value
2025-06-21 04:36:59,483 | pdfminer.pdfinterp | WARNING | pdfinterp.py:831 | Cannot set gray non-stroke color because /'P0' is an invalid float value
2025-06-21 04:37:00,174 | pdfminer.pdfinterp | WARNING | pdfinterp.py:831 | Cannot set gray non-stroke color because /'P0' is an invalid float value
2025-06-21 04:37:01,648 | pdfminer.pdfinterp | WARNING | pdfinterp.py:831 | Cannot set gray non-stroke color because /'P0' is an invalid float value
2025-06-21 04:37:01,809 | pdfminer.pdfinterp | WARNING | pdfinterp.py:831 | Cannot set gray non-stroke color because /'P0' is an invalid float value
2025-06-21 04:37:01,991 | pdfminer.pdfinterp | WARNING | pdfinterp.py:831 | Cannot set gray non-stroke color because /'P0' is an invalid float value
