2025-06-17T23:12:53 [INFO] RAG-pynucleus.pipeline.pipeline_rag: Processing query query_20250617_231253_380644: What are the key benefits of modular chemical plants?
2025-06-17T23:12:53 [INFO] RAG-pynucleus.pipeline.pipeline_rag: Initializing RAG components...
2025-06-17T23:13:04 [INFO] RAG-pynucleus.pipeline.pipeline_rag: Query query_20250617_231253_380644 completed with 0 citations
2025-06-17T23:16:41 [INFO] RAG-pynucleus.pipeline.pipeline_rag: Processing query query_20250617_231641_020152: What are the key benefits of modular chemical plants?
2025-06-17T23:16:41 [INFO] RAG-pynucleus.pipeline.pipeline_rag: Initializing RAG components...
2025-06-17T23:16:52 [INFO] RAG-pynucleus.pipeline.pipeline_rag: Query query_20250617_231641_020152 completed with 5 citations
2025-06-17T23:16:54 [INFO] RAG-pynucleus.pipeline.pipeline_rag: Processing query query_20250617_231654_243119: How do simulations help design?
2025-06-17T23:16:54 [INFO] RAG-pynucleus.pipeline.pipeline_rag: Initializing RAG components...
2025-06-17T23:16:58 [INFO] RAG-pynucleus.pipeline.pipeline_rag: Query query_20250617_231654_243119 completed with 0 citations
2025-06-17T23:17:08 [INFO] RAG-pynucleus.pipeline.pipeline_rag: Processing query query_20250617_231708_557844: What are the key benefits of modular chemical plants?
2025-06-17T23:17:08 [INFO] RAG-pynucleus.pipeline.pipeline_rag: Initializing RAG components...
2025-06-17T23:17:12 [INFO] RAG-pynucleus.pipeline.pipeline_rag: Query query_20250617_231708_557844 completed with 0 citations
2025-06-17T23:17:14 [INFO] RAG-pynucleus.pipeline.pipeline_rag: Processing query query_20250617_231714_416034: What are the benefits of modular plants?
2025-06-17T23:17:14 [INFO] RAG-pynucleus.pipeline.pipeline_rag: Initializing RAG components...
2025-06-17T23:17:18 [INFO] RAG-pynucleus.pipeline.pipeline_rag: Query query_20250617_231714_416034 completed with 0 citations
2025-06-17T23:17:25 [INFO] RAG-pynucleus.pipeline.pipeline_rag: Processing query query_20250617_231725_327462: What are the key benefits of modular chemical plants?
2025-06-17T23:17:25 [INFO] RAG-pynucleus.pipeline.pipeline_rag: Initializing RAG components...
2025-06-17T23:17:29 [INFO] RAG-pynucleus.pipeline.pipeline_rag: Query query_20250617_231725_327462 completed with 0 citations
2025-06-17T23:18:00 [INFO] RAG-pynucleus.pipeline.pipeline_rag: Processing query query_20250617_231800_615947: What are the main challenges in implementing modular plants in developing countries?
2025-06-17T23:18:00 [INFO] RAG-pynucleus.pipeline.pipeline_rag: Initializing RAG components...
2025-06-17T23:18:05 [INFO] RAG-pynucleus.pipeline.pipeline_rag: Query query_20250617_231800_615947 completed with 5 citations
2025-06-17T23:20:33 [INFO] RAG-pynucleus.pipeline.pipeline_rag: Processing query query_20250617_232033_937191: What are modular plant benefits?
2025-06-17T23:20:33 [INFO] RAG-pynucleus.pipeline.pipeline_rag: Initializing RAG components...
2025-06-17T23:20:39 [INFO] RAG-pynucleus.pipeline.pipeline_rag: Query query_20250617_232033_937191 completed with 3 citations
2025-06-17T23:20:49 [INFO] RAG-pynucleus.pipeline.pipeline_rag: Processing query query_20250617_232049_980351: What are the main challenges in implementing modular plants in developing countries?
2025-06-17T23:20:49 [INFO] RAG-pynucleus.pipeline.pipeline_rag: Initializing RAG components...
2025-06-17T23:20:54 [INFO] RAG-pynucleus.pipeline.pipeline_rag: Query query_20250617_232049_980351 completed with 5 citations
